GROUP,PACKAGE,CLASS,INSTRUCTION_MISSED,INSTRUCTION_COVERED,BRANCH_MISSED,BRANCH_COVERED,LINE_MISSED,LINE_COVERED,COMPLEXITY_MISSED,COMPLEXITY_COVERED,METHOD_MISSED,METHOD_COVERED
Point Service,com.example.microservices.point.resource,RestApplication,3,0,0,0,1,0,1,0,1,0
Point Service,com.example.microservices.point.resource,PointResource,448,0,38,0,95,0,27,0,8,0
Point Service,com.example.microservices.point.service,PointService,0,141,0,6,0,32,0,9,0,6
Point Service,com.example.microservices.point.repository,PointRepository,172,0,26,0,40,0,18,0,5,0
Point Service,com.example.microservices.point.repository,PointHistoryRepository,229,0,26,0,51,0,18,0,5,0
Point Service,com.example.microservices.point.model,Point,0,36,0,0,0,16,0,8,0,8
Point Service,com.example.microservices.point.model,PointHistory,0,76,0,0,0,32,0,16,0,16
