<?xml version="1.0" encoding="UTF-8"?>
<testsuite xmlns:xsi="http://www.w3.org/2001/XMLSchema-instance" xsi:noNamespaceSchemaLocation="https://maven.apache.org/surefire/maven-surefire-plugin/xsd/surefire-test-report.xsd" name="com.example.microservices.authservice.HelloWorldTest" time="0.038" tests="3" errors="0" skipped="0" failures="0">
  <properties>
[...]
</properties>
  <testcase name="testAddition" classname="com.example.microservices.authservice.HelloWorldTest" time="0.015"/>
  <testcase name="testStringConcatenation" classname="com.example.microservices.authservice.HelloWorldTest" time="0.009"/>
  <testcase name="testHelloWorld" classname="com.example.microservices.authservice.HelloWorldTest" time="0.001"/>
</testsuite>