{"/workspaces/my-ws-demo/src/frontend/src/App.vue": {"path":"/workspaces/my-ws-demo/src/frontend/src/App.vue","statementMap":{"0":{"start":{"line":4,"column":0},"end":{"line":6,"column":3}},"1":{"start":{"line":7,"column":0},"end":{"line":7,"column":25}},"2":{"start":{"line":8,"column":15},"end":{"line":10,"column":1}},"3":{"start":{"line":11,"column":0},"end":{"line":11,"column":13}},"4":{"start":{"line":13,"column":0},"end":{"line":15,"column":3}},"5":{"start":{"line":16,"column":0},"end":{"line":16,"column":24}},"6":{"start":{"line":17,"column":11},"end":{"line":17,"column":25}},"7":{"start":{"line":18,"column":17},"end":{"line":21,"column":1}},"8":{"start":{"line":23,"column":31},"end":{"line":23,"column":72}},"9":{"start":{"line":24,"column":2},"end":{"line":24,"column":129}},"10":{"start":{"line":25,"column":2},"end":{"line":25,"column":49}}},"fnMap":{"0":{"name":"render","decl":{"start":{"line":22,"column":9},"end":{"line":22,"column":15}},"loc":{"start":{"line":22,"column":30},"end":{"line":25,"column":1}},"line":22}},"branchMap":{},"s":{"0":1,"1":1,"2":1,"3":1,"4":1,"5":1,"6":1,"7":1,"8":3,"9":3,"10":1},"f":{"0":3},"b":{},"inputSourceMap":{"0":"{","1":"\"","2":"v","3":"e","4":"r","5":"s","6":"i","7":"o","8":"n","9":"\"","10":":","11":"3","12":",","13":"\"","14":"s","15":"o","16":"u","17":"r","18":"c","19":"e","20":"s","21":"\"","22":":","23":"[","24":"\"","25":"/","26":"w","27":"o","28":"r","29":"k","30":"s","31":"p","32":"a","33":"c","34":"e","35":"s","36":"/","37":"m","38":"y","39":"-","40":"w","41":"s","42":"-","43":"d","44":"e","45":"m","46":"o","47":"/","48":"s","49":"r","50":"c","51":"/","52":"f","53":"r","54":"o","55":"n","56":"t","57":"e","58":"n","59":"d","60":"/","61":"s","62":"r","63":"c","64":"/","65":"A","66":"p","67":"p","68":".","69":"v","70":"u","71":"e","72":"\"","73":"]","74":",","75":"\"","76":"n","77":"a","78":"m","79":"e","80":"s","81":"\"","82":":","83":"[","84":"]","85":",","86":"\"","87":"m","88":"a","89":"p","90":"p","91":"i","92":"n","93":"g","94":"s","95":"\"","96":":","97":"\"","98":";","99":";","100":";","101":";","102":";","103":";","104":";","105":"i","106":"C","107":"A","108":"O","109":"e","110":";","111":"E","112":"A","113":"C","114":"b","115":",","116":"I","117":"A","118":"A","119":"I","120":",","121":"E","122":"A","123":"A","124":"E","125":";","126":"A","127":"A","128":"C","129":"R","130":",","131":"C","132":"A","133":"A","134":"C","135":"\"","136":",","137":"\"","138":"f","139":"i","140":"l","141":"e","142":"\"","143":":","144":"\"","145":"/","146":"w","147":"o","148":"r","149":"k","150":"s","151":"p","152":"a","153":"c","154":"e","155":"s","156":"/","157":"m","158":"y","159":"-","160":"w","161":"s","162":"-","163":"d","164":"e","165":"m","166":"o","167":"/","168":"s","169":"r","170":"c","171":"/","172":"f","173":"r","174":"o","175":"n","176":"t","177":"e","178":"n","179":"d","180":"/","181":"s","182":"r","183":"c","184":"/","185":"A","186":"p","187":"p","188":".","189":"v","190":"u","191":"e","192":"\"","193":",","194":"\"","195":"s","196":"o","197":"u","198":"r","199":"c","200":"e","201":"s","202":"C","203":"o","204":"n","205":"t","206":"e","207":"n","208":"t","209":"\"","210":":","211":"[","212":"\"","213":"<","214":"t","215":"e","216":"m","217":"p","218":"l","219":"a","220":"t","221":"e","222":">","223":"\\","224":"n","225":" ","226":" ","227":"<","228":"d","229":"i","230":"v","231":" ","232":"i","233":"d","234":"=","235":"\\","236":"\"","237":"a","238":"p","239":"p","240":"\\","241":"\"","242":" ","243":"c","244":"l","245":"a","246":"s","247":"s","248":"=","249":"\\","250":"\"","251":"m","252":"i","253":"n","254":"-","255":"h","256":"-","257":"s","258":"c","259":"r","260":"e","261":"e","262":"n","263":" ","264":"b","265":"g","266":"-","267":"g","268":"r","269":"a","270":"y","271":"-","272":"1","273":"0","274":"0","275":"\\","276":"\"","277":">","278":"\\","279":"n","280":" ","281":" ","282":" ","283":" ","284":"<","285":"r","286":"o","287":"u","288":"t","289":"e","290":"r","291":"-","292":"v","293":"i","294":"e","295":"w","296":" ","297":"/","298":">","299":"\\","300":"n","301":" ","302":" ","303":"<","304":"/","305":"d","306":"i","307":"v","308":">","309":"\\","310":"n","311":"<","312":"/","313":"t","314":"e","315":"m","316":"p","317":"l","318":"a","319":"t","320":"e","321":">","322":"\\","323":"n","324":"\\","325":"n","326":"<","327":"s","328":"c","329":"r","330":"i","331":"p","332":"t","333":">","334":"\\","335":"n","336":"e","337":"x","338":"p","339":"o","340":"r","341":"t","342":" ","343":"d","344":"e","345":"f","346":"a","347":"u","348":"l","349":"t","350":" ","351":"{","352":"\\","353":"n","354":" ","355":" ","356":"n","357":"a","358":"m","359":"e","360":":","361":" ","362":"'","363":"A","364":"p","365":"p","366":"'","367":"\\","368":"n","369":"}","370":"\\","371":"n","372":"<","373":"/","374":"s","375":"c","376":"r","377":"i","378":"p","379":"t","380":">","381":"\\","382":"n","383":"\"","384":"]","385":"}"},"_coverageSchema":"1a1c01bbd47fc00a2c39e90264f33305004495a9","hash":"28eb63a6f7b16c362422c114b32838005ab23a0a"}
,"/workspaces/my-ws-demo/src/frontend/src/router.js": {"path":"/workspaces/my-ws-demo/src/frontend/src/router.js","statementMap":{"0":{"start":{"line":7,"column":15},"end":{"line":35,"column":1}},"1":{"start":{"line":37,"column":22},"end":{"line":40,"column":2}},"2":{"start":{"line":43,"column":0},"end":{"line":51,"column":2}},"3":{"start":{"line":44,"column":16},"end":{"line":44,"column":49}},"4":{"start":{"line":46,"column":2},"end":{"line":50,"column":3}},"5":{"start":{"line":47,"column":4},"end":{"line":47,"column":18}},"6":{"start":{"line":49,"column":4},"end":{"line":49,"column":10}}},"fnMap":{"0":{"name":"(anonymous_0)","decl":{"start":{"line":43,"column":18},"end":{"line":43,"column":19}},"loc":{"start":{"line":43,"column":38},"end":{"line":51,"column":1}},"line":43}},"branchMap":{"0":{"loc":{"start":{"line":46,"column":2},"end":{"line":50,"column":3}},"type":"if","locations":[{"start":{"line":46,"column":2},"end":{"line":50,"column":3}},{"start":{"line":48,"column":9},"end":{"line":50,"column":3}}],"line":46},"1":{"loc":{"start":{"line":46,"column":6},"end":{"line":46,"column":36}},"type":"binary-expr","locations":[{"start":{"line":46,"column":6},"end":{"line":46,"column":26}},{"start":{"line":46,"column":30},"end":{"line":46,"column":36}}],"line":46}},"s":{"0":0,"1":0,"2":0,"3":0,"4":0,"5":0,"6":0},"f":{"0":0},"b":{"0":[0,0],"1":[0,0]}}
,"/workspaces/my-ws-demo/src/frontend/src/services/api.js": {"path":"/workspaces/my-ws-demo/src/frontend/src/services/api.js","statementMap":{"0":{"start":{"line":3,"column":21},"end":{"line":3,"column":27}},"1":{"start":{"line":6,"column":18},"end":{"line":11,"column":2}},"2":{"start":{"line":14,"column":0},"end":{"line":25,"column":1}},"3":{"start":{"line":16,"column":18},"end":{"line":16,"column":51}},"4":{"start":{"line":17,"column":4},"end":{"line":19,"column":5}},"5":{"start":{"line":18,"column":6},"end":{"line":18,"column":54}},"6":{"start":{"line":20,"column":4},"end":{"line":20,"column":17}},"7":{"start":{"line":23,"column":4},"end":{"line":23,"column":32}},"8":{"start":{"line":28,"column":0},"end":{"line":43,"column":1}},"9":{"start":{"line":29,"column":16},"end":{"line":29,"column":24}},"10":{"start":{"line":31,"column":4},"end":{"line":40,"column":5}},"11":{"start":{"line":33,"column":26},"end":{"line":33,"column":50}},"12":{"start":{"line":34,"column":6},"end":{"line":39,"column":7}},"13":{"start":{"line":36,"column":8},"end":{"line":36,"column":44}},"14":{"start":{"line":37,"column":8},"end":{"line":37,"column":41}},"15":{"start":{"line":38,"column":8},"end":{"line":38,"column":39}},"16":{"start":{"line":41,"column":4},"end":{"line":41,"column":32}},"17":{"start":{"line":49,"column":16},"end":{"line":49,"column":88}},"18":{"start":{"line":50,"column":2},"end":{"line":50,"column":25}},"19":{"start":{"line":53,"column":27},"end":{"line":95,"column":1}},"20":{"start":{"line":60,"column":19},"end":{"line":60,"column":48}},"21":{"start":{"line":62,"column":24},"end":{"line":64,"column":5}},"22":{"start":{"line":66,"column":4},"end":{"line":70,"column":5}},"23":{"start":{"line":67,"column":6},"end":{"line":67,"column":43}},"24":{"start":{"line":69,"column":6},"end":{"line":69,"column":45}},"25":{"start":{"line":72,"column":21},"end":{"line":72,"column":64}},"26":{"start":{"line":73,"column":4},"end":{"line":73,"column":24}},"27":{"start":{"line":80,"column":4},"end":{"line":85,"column":5}},"28":{"start":{"line":81,"column":6},"end":{"line":81,"column":37}},"29":{"start":{"line":83,"column":6},"end":{"line":83,"column":42}},"30":{"start":{"line":84,"column":6},"end":{"line":84,"column":39}},"31":{"start":{"line":92,"column":21},"end":{"line":92,"column":51}},"32":{"start":{"line":93,"column":4},"end":{"line":93,"column":24}},"33":{"start":{"line":97,"column":27},"end":{"line":117,"column":1}},"34":{"start":{"line":102,"column":21},"end":{"line":102,"column":52}},"35":{"start":{"line":103,"column":4},"end":{"line":103,"column":24}},"36":{"start":{"line":111,"column":4},"end":{"line":113,"column":5}},"37":{"start":{"line":112,"column":6},"end":{"line":112,"column":44}},"38":{"start":{"line":114,"column":21},"end":{"line":114,"column":60}},"39":{"start":{"line":115,"column":4},"end":{"line":115,"column":24}}},"fnMap":{"0":{"name":"(anonymous_0)","decl":{"start":{"line":15,"column":2},"end":{"line":15,"column":3}},"loc":{"start":{"line":15,"column":14},"end":{"line":21,"column":3}},"line":15},"1":{"name":"(anonymous_1)","decl":{"start":{"line":22,"column":2},"end":{"line":22,"column":3}},"loc":{"start":{"line":22,"column":13},"end":{"line":24,"column":3}},"line":22},"2":{"name":"(anonymous_2)","decl":{"start":{"line":29,"column":2},"end":{"line":29,"column":3}},"loc":{"start":{"line":29,"column":16},"end":{"line":29,"column":24}},"line":29},"3":{"name":"(anonymous_3)","decl":{"start":{"line":30,"column":2},"end":{"line":30,"column":3}},"loc":{"start":{"line":30,"column":13},"end":{"line":42,"column":3}},"line":30},"4":{"name":"isValidUUID","decl":{"start":{"line":48,"column":9},"end":{"line":48,"column":20}},"loc":{"start":{"line":48,"column":27},"end":{"line":51,"column":1}},"line":48},"5":{"name":"(anonymous_5)","decl":{"start":{"line":58,"column":2},"end":{"line":58,"column":3}},"loc":{"start":{"line":58,"column":42},"end":{"line":74,"column":3}},"line":58},"6":{"name":"(anonymous_6)","decl":{"start":{"line":79,"column":2},"end":{"line":79,"column":3}},"loc":{"start":{"line":79,"column":17},"end":{"line":86,"column":3}},"line":79},"7":{"name":"(anonymous_7)","decl":{"start":{"line":91,"column":2},"end":{"line":91,"column":3}},"loc":{"start":{"line":91,"column":22},"end":{"line":94,"column":3}},"line":91},"8":{"name":"(anonymous_8)","decl":{"start":{"line":101,"column":2},"end":{"line":101,"column":3}},"loc":{"start":{"line":101,"column":21},"end":{"line":104,"column":3}},"line":101},"9":{"name":"(anonymous_9)","decl":{"start":{"line":110,"column":2},"end":{"line":110,"column":3}},"loc":{"start":{"line":110,"column":24},"end":{"line":116,"column":3}},"line":110}},"branchMap":{"0":{"loc":{"start":{"line":17,"column":4},"end":{"line":19,"column":5}},"type":"if","locations":[{"start":{"line":17,"column":4},"end":{"line":19,"column":5}},{"start":{},"end":{}}],"line":17},"1":{"loc":{"start":{"line":31,"column":4},"end":{"line":40,"column":5}},"type":"if","locations":[{"start":{"line":31,"column":4},"end":{"line":40,"column":5}},{"start":{},"end":{}}],"line":31},"2":{"loc":{"start":{"line":34,"column":6},"end":{"line":39,"column":7}},"type":"if","locations":[{"start":{"line":34,"column":6},"end":{"line":39,"column":7}},{"start":{},"end":{}}],"line":34},"3":{"loc":{"start":{"line":34,"column":10},"end":{"line":34,"column":57}},"type":"binary-expr","locations":[{"start":{"line":34,"column":10},"end":{"line":34,"column":34}},{"start":{"line":34,"column":38},"end":{"line":34,"column":57}}],"line":34},"4":{"loc":{"start":{"line":66,"column":4},"end":{"line":70,"column":5}},"type":"if","locations":[{"start":{"line":66,"column":4},"end":{"line":70,"column":5}},{"start":{"line":68,"column":11},"end":{"line":70,"column":5}}],"line":66},"5":{"loc":{"start":{"line":111,"column":4},"end":{"line":113,"column":5}},"type":"if","locations":[{"start":{"line":111,"column":4},"end":{"line":113,"column":5}},{"start":{},"end":{}}],"line":111}},"s":{"0":0,"1":0,"2":0,"3":0,"4":0,"5":0,"6":0,"7":0,"8":0,"9":0,"10":0,"11":0,"12":0,"13":0,"14":0,"15":0,"16":0,"17":0,"18":0,"19":0,"20":0,"21":0,"22":0,"23":0,"24":0,"25":0,"26":0,"27":0,"28":0,"29":0,"30":0,"31":0,"32":0,"33":0,"34":0,"35":0,"36":0,"37":0,"38":0,"39":0},"f":{"0":0,"1":0,"2":0,"3":0,"4":0,"5":0,"6":0,"7":0,"8":0,"9":0},"b":{"0":[0,0],"1":[0,0],"2":[0,0],"3":[0,0],"4":[0,0],"5":[0,0]}}
,"/workspaces/my-ws-demo/src/frontend/src/services/pointApi.js": {"path":"/workspaces/my-ws-demo/src/frontend/src/services/pointApi.js","statementMap":{"0":{"start":{"line":3,"column":24},"end":{"line":23,"column":1}},"1":{"start":{"line":9,"column":21},"end":{"line":9,"column":51}},"2":{"start":{"line":10,"column":4},"end":{"line":10,"column":24}},"3":{"start":{"line":20,"column":21},"end":{"line":20,"column":87}},"4":{"start":{"line":21,"column":4},"end":{"line":21,"column":24}}},"fnMap":{"0":{"name":"(anonymous_0)","decl":{"start":{"line":8,"column":2},"end":{"line":8,"column":3}},"loc":{"start":{"line":8,"column":20},"end":{"line":11,"column":3}},"line":8},"1":{"name":"(anonymous_1)","decl":{"start":{"line":19,"column":2},"end":{"line":19,"column":3}},"loc":{"start":{"line":19,"column":46},"end":{"line":22,"column":3}},"line":19}},"branchMap":{"0":{"loc":{"start":{"line":19,"column":24},"end":{"line":19,"column":32}},"type":"default-arg","locations":[{"start":{"line":19,"column":31},"end":{"line":19,"column":32}}],"line":19},"1":{"loc":{"start":{"line":19,"column":34},"end":{"line":19,"column":44}},"type":"default-arg","locations":[{"start":{"line":19,"column":42},"end":{"line":19,"column":44}}],"line":19}},"s":{"0":0,"1":0,"2":0,"3":0,"4":0},"f":{"0":0,"1":0},"b":{"0":[0],"1":[0]}}
,"/workspaces/my-ws-demo/src/frontend/src/views/AccountView.vue": {"path":"/workspaces/my-ws-demo/src/frontend/src/views/AccountView.vue","statementMap":{"0":{"start":{"line":7,"column":19},"end":{"line":7,"column":30}},"1":{"start":{"line":8,"column":24},"end":{"line":8,"column":33}},"2":{"start":{"line":9,"column":20},"end":{"line":9,"column":29}},"3":{"start":{"line":10,"column":25},"end":{"line":10,"column":32}},"4":{"start":{"line":11,"column":28},"end":{"line":22,"column":5}},"5":{"start":{"line":12,"column":6},"end":{"line":12,"column":27}},"6":{"start":{"line":13,"column":6},"end":{"line":13,"column":30}},"7":{"start":{"line":14,"column":6},"end":{"line":21,"column":7}},"8":{"start":{"line":15,"column":21},"end":{"line":15,"column":51}},"9":{"start":{"line":16,"column":8},"end":{"line":16,"column":33}},"10":{"start":{"line":18,"column":8},"end":{"line":18,"column":80}},"11":{"start":{"line":20,"column":8},"end":{"line":20,"column":30}},"12":{"start":{"line":23,"column":25},"end":{"line":31,"column":5}},"13":{"start":{"line":24,"column":6},"end":{"line":30,"column":7}},"14":{"start":{"line":25,"column":8},"end":{"line":25,"column":35}},"15":{"start":{"line":27,"column":8},"end":{"line":27,"column":46}},"16":{"start":{"line":29,"column":8},"end":{"line":29,"column":30}},"17":{"start":{"line":32,"column":23},"end":{"line":42,"column":5}},"18":{"start":{"line":33,"column":6},"end":{"line":33,"column":34}},"19":{"start":{"line":33,"column":23},"end":{"line":33,"column":34}},"20":{"start":{"line":34,"column":19},"end":{"line":34,"column":39}},"21":{"start":{"line":35,"column":6},"end":{"line":41,"column":9}},"22":{"start":{"line":43,"column":4},"end":{"line":45,"column":7}},"23":{"start":{"line":44,"column":6},"end":{"line":44,"column":24}},"24":{"start":{"line":46,"column":4},"end":{"line":52,"column":6}},"25":{"start":{"line":55,"column":0},"end":{"line":55,"column":13}},"26":{"start":{"line":57,"column":0},"end":{"line":59,"column":3}},"27":{"start":{"line":60,"column":0},"end":{"line":60,"column":24}},"28":{"start":{"line":61,"column":11},"end":{"line":61,"column":25}},"29":{"start":{"line":62,"column":33},"end":{"line":62,"column":143}},"30":{"start":{"line":63,"column":32},"end":{"line":63,"column":188}},"31":{"start":{"line":64,"column":45},"end":{"line":64,"column":376}},"32":{"start":{"line":64,"column":54},"end":{"line":64,"column":111}},"33":{"start":{"line":64,"column":80},"end":{"line":64,"column":111}},"34":{"start":{"line":64,"column":120},"end":{"line":64,"column":152}},"35":{"start":{"line":64,"column":154},"end":{"line":64,"column":374}},"36":{"start":{"line":65,"column":31},"end":{"line":65,"column":143}},"37":{"start":{"line":65,"column":122},"end":{"line":65,"column":143}},"38":{"start":{"line":66,"column":33},"end":{"line":66,"column":83}},"39":{"start":{"line":66,"column":55},"end":{"line":66,"column":83}},"40":{"start":{"line":67,"column":35},"end":{"line":67,"column":81}},"41":{"start":{"line":67,"column":82},"end":{"line":67,"column":136}},"42":{"start":{"line":67,"column":95},"end":{"line":67,"column":96}},"43":{"start":{"line":67,"column":102},"end":{"line":67,"column":110}},"44":{"start":{"line":67,"column":124},"end":{"line":67,"column":136}},"45":{"start":{"line":67,"column":137},"end":{"line":67,"column":146}},"46":{"start":{"line":68,"column":17},"end":{"line":70,"column":1}},"47":{"start":{"line":71,"column":17},"end":{"line":73,"column":1}},"48":{"start":{"line":74,"column":17},"end":{"line":76,"column":1}},"49":{"start":{"line":77,"column":17},"end":{"line":79,"column":1}},"50":{"start":{"line":80,"column":17},"end":{"line":82,"column":1}},"51":{"start":{"line":83,"column":17},"end":{"line":86,"column":1}},"52":{"start":{"line":87,"column":17},"end":{"line":90,"column":1}},"53":{"start":{"line":91,"column":17},"end":{"line":94,"column":1}},"54":{"start":{"line":95,"column":17},"end":{"line":97,"column":1}},"55":{"start":{"line":98,"column":18},"end":{"line":101,"column":1}},"56":{"start":{"line":102,"column":18},"end":{"line":104,"column":1}},"57":{"start":{"line":105,"column":18},"end":{"line":107,"column":1}},"58":{"start":{"line":108,"column":18},"end":{"line":110,"column":1}},"59":{"start":{"line":111,"column":18},"end":{"line":113,"column":1}},"60":{"start":{"line":114,"column":18},"end":{"line":116,"column":1}},"61":{"start":{"line":117,"column":18},"end":{"line":119,"column":1}},"62":{"start":{"line":122,"column":31},"end":{"line":122,"column":72}},"63":{"start":{"line":123,"column":2},"end":{"line":164,"column":829}},"64":{"start":{"line":130,"column":6},"end":{"line":130,"column":115}},"65":{"start":{"line":135,"column":6},"end":{"line":135,"column":75}},"66":{"start":{"line":165,"column":2},"end":{"line":165,"column":49}}},"fnMap":{"0":{"name":"(anonymous_0)","decl":{"start":{"line":6,"column":2},"end":{"line":6,"column":3}},"loc":{"start":{"line":6,"column":10},"end":{"line":53,"column":3}},"line":6},"1":{"name":"(anonymous_1)","decl":{"start":{"line":11,"column":28},"end":{"line":11,"column":29}},"loc":{"start":{"line":11,"column":40},"end":{"line":22,"column":5}},"line":11},"2":{"name":"(anonymous_2)","decl":{"start":{"line":23,"column":25},"end":{"line":23,"column":26}},"loc":{"start":{"line":23,"column":37},"end":{"line":31,"column":5}},"line":23},"3":{"name":"(anonymous_3)","decl":{"start":{"line":32,"column":23},"end":{"line":32,"column":24}},"loc":{"start":{"line":32,"column":37},"end":{"line":42,"column":5}},"line":32},"4":{"name":"(anonymous_4)","decl":{"start":{"line":43,"column":14},"end":{"line":43,"column":15}},"loc":{"start":{"line":43,"column":20},"end":{"line":45,"column":5}},"line":43},"5":{"name":"_toConsumableArray","decl":{"start":{"line":62,"column":9},"end":{"line":62,"column":27}},"loc":{"start":{"line":62,"column":31},"end":{"line":62,"column":145}},"line":62},"6":{"name":"_nonIterableSpread","decl":{"start":{"line":63,"column":9},"end":{"line":63,"column":27}},"loc":{"start":{"line":63,"column":30},"end":{"line":63,"column":190}},"line":63},"7":{"name":"_unsupportedIterableToArray","decl":{"start":{"line":64,"column":9},"end":{"line":64,"column":36}},"loc":{"start":{"line":64,"column":43},"end":{"line":64,"column":378}},"line":64},"8":{"name":"_iterableToArray","decl":{"start":{"line":65,"column":9},"end":{"line":65,"column":25}},"loc":{"start":{"line":65,"column":29},"end":{"line":65,"column":145}},"line":65},"9":{"name":"_arrayWithoutHoles","decl":{"start":{"line":66,"column":9},"end":{"line":66,"column":27}},"loc":{"start":{"line":66,"column":31},"end":{"line":66,"column":85}},"line":66},"10":{"name":"_arrayLikeToArray","decl":{"start":{"line":67,"column":9},"end":{"line":67,"column":26}},"loc":{"start":{"line":67,"column":33},"end":{"line":67,"column":148}},"line":67},"11":{"name":"render","decl":{"start":{"line":120,"column":9},"end":{"line":120,"column":15}},"loc":{"start":{"line":120,"column":30},"end":{"line":165,"column":1}},"line":120},"12":{"name":"(anonymous_12)","decl":{"start":{"line":129,"column":33},"end":{"line":129,"column":34}},"loc":{"start":{"line":129,"column":45},"end":{"line":131,"column":5}},"line":129},"13":{"name":"(anonymous_13)","decl":{"start":{"line":134,"column":39},"end":{"line":134,"column":40}},"loc":{"start":{"line":134,"column":51},"end":{"line":136,"column":5}},"line":134}},"branchMap":{"0":{"loc":{"start":{"line":18,"column":29},"end":{"line":18,"column":79}},"type":"binary-expr","locations":[{"start":{"line":18,"column":29},"end":{"line":18,"column":56}},{"start":{"line":18,"column":60},"end":{"line":18,"column":79}}],"line":18},"1":{"loc":{"start":{"line":33,"column":6},"end":{"line":33,"column":34}},"type":"if","locations":[{"start":{"line":33,"column":6},"end":{"line":33,"column":34}},{"start":{},"end":{}}],"line":33},"2":{"loc":{"start":{"line":62,"column":40},"end":{"line":62,"column":142}},"type":"binary-expr","locations":[{"start":{"line":62,"column":40},"end":{"line":62,"column":61}},{"start":{"line":62,"column":65},"end":{"line":62,"column":84}},{"start":{"line":62,"column":88},"end":{"line":62,"column":118}},{"start":{"line":62,"column":122},"end":{"line":62,"column":142}}],"line":62},"3":{"loc":{"start":{"line":64,"column":45},"end":{"line":64,"column":376}},"type":"if","locations":[{"start":{"line":64,"column":45},"end":{"line":64,"column":376}},{"start":{},"end":{}}],"line":64},"4":{"loc":{"start":{"line":64,"column":54},"end":{"line":64,"column":111}},"type":"if","locations":[{"start":{"line":64,"column":54},"end":{"line":64,"column":111}},{"start":{},"end":{}}],"line":64},"5":{"loc":{"start":{"line":64,"column":161},"end":{"line":64,"column":220}},"type":"binary-expr","locations":[{"start":{"line":64,"column":161},"end":{"line":64,"column":175}},{"start":{"line":64,"column":179},"end":{"line":64,"column":192}},{"start":{"line":64,"column":197},"end":{"line":64,"column":219}}],"line":64},"6":{"loc":{"start":{"line":64,"column":222},"end":{"line":64,"column":373}},"type":"cond-expr","locations":[{"start":{"line":64,"column":251},"end":{"line":64,"column":264}},{"start":{"line":64,"column":267},"end":{"line":64,"column":373}}],"line":64},"7":{"loc":{"start":{"line":64,"column":222},"end":{"line":64,"column":248}},"type":"binary-expr","locations":[{"start":{"line":64,"column":222},"end":{"line":64,"column":233}},{"start":{"line":64,"column":237},"end":{"line":64,"column":248}}],"line":64},"8":{"loc":{"start":{"line":64,"column":267},"end":{"line":64,"column":373}},"type":"cond-expr","locations":[{"start":{"line":64,"column":341},"end":{"line":64,"column":364}},{"start":{"line":64,"column":367},"end":{"line":64,"column":373}}],"line":64},"9":{"loc":{"start":{"line":64,"column":267},"end":{"line":64,"column":338}},"type":"binary-expr","locations":[{"start":{"line":64,"column":267},"end":{"line":64,"column":284}},{"start":{"line":64,"column":288},"end":{"line":64,"column":338}}],"line":64},"10":{"loc":{"start":{"line":65,"column":31},"end":{"line":65,"column":143}},"type":"if","locations":[{"start":{"line":65,"column":31},"end":{"line":65,"column":143}},{"start":{},"end":{}}],"line":65},"11":{"loc":{"start":{"line":65,"column":35},"end":{"line":65,"column":120}},"type":"binary-expr","locations":[{"start":{"line":65,"column":35},"end":{"line":65,"column":63}},{"start":{"line":65,"column":67},"end":{"line":65,"column":93}},{"start":{"line":65,"column":97},"end":{"line":65,"column":120}}],"line":65},"12":{"loc":{"start":{"line":66,"column":33},"end":{"line":66,"column":83}},"type":"if","locations":[{"start":{"line":66,"column":33},"end":{"line":66,"column":83}},{"start":{},"end":{}}],"line":66},"13":{"loc":{"start":{"line":67,"column":35},"end":{"line":67,"column":80}},"type":"binary-expr","locations":[{"start":{"line":67,"column":36},"end":{"line":67,"column":45}},{"start":{"line":67,"column":49},"end":{"line":67,"column":61}},{"start":{"line":67,"column":67},"end":{"line":67,"column":79}}],"line":67},"14":{"loc":{"start":{"line":123,"column":222},"end":{"line":125,"column":33}},"type":"binary-expr","locations":[{"start":{"line":123,"column":222},"end":{"line":123,"column":231}},{"start":{"line":123,"column":236},"end":{"line":125,"column":32}}],"line":123},"15":{"loc":{"start":{"line":130,"column":32},"end":{"line":130,"column":113}},"type":"binary-expr","locations":[{"start":{"line":130,"column":32},"end":{"line":130,"column":41}},{"start":{"line":130,"column":46},"end":{"line":130,"column":112}}],"line":130},"16":{"loc":{"start":{"line":134,"column":13},"end":{"line":136,"column":6}},"type":"binary-expr","locations":[{"start":{"line":134,"column":13},"end":{"line":134,"column":22}},{"start":{"line":134,"column":27},"end":{"line":136,"column":5}}],"line":134},"17":{"loc":{"start":{"line":135,"column":13},"end":{"line":135,"column":74}},"type":"binary-expr","locations":[{"start":{"line":135,"column":13},"end":{"line":135,"column":30}},{"start":{"line":135,"column":34},"end":{"line":135,"column":74}}],"line":135},"18":{"loc":{"start":{"line":138,"column":117},"end":{"line":164,"column":824}},"type":"cond-expr","locations":[{"start":{"line":138,"column":133},"end":{"line":140,"column":31}},{"start":{"line":140,"column":35},"end":{"line":164,"column":824}}],"line":138},"19":{"loc":{"start":{"line":138,"column":223},"end":{"line":140,"column":29}},"type":"binary-expr","locations":[{"start":{"line":138,"column":223},"end":{"line":138,"column":232}},{"start":{"line":138,"column":237},"end":{"line":140,"column":28}}],"line":138},"20":{"loc":{"start":{"line":140,"column":35},"end":{"line":164,"column":824}},"type":"cond-expr","locations":[{"start":{"line":140,"column":56},"end":{"line":140,"column":186}},{"start":{"line":140,"column":191},"end":{"line":164,"column":823}}],"line":140},"21":{"loc":{"start":{"line":140,"column":357},"end":{"line":152,"column":66}},"type":"binary-expr","locations":[{"start":{"line":140,"column":357},"end":{"line":140,"column":367}},{"start":{"line":140,"column":372},"end":{"line":152,"column":65}}],"line":140},"22":{"loc":{"start":{"line":152,"column":68},"end":{"line":164,"column":219}},"type":"cond-expr","locations":[{"start":{"line":152,"column":174},"end":{"line":164,"column":173}},{"start":{"line":164,"column":177},"end":{"line":164,"column":219}}],"line":152},"23":{"loc":{"start":{"line":152,"column":68},"end":{"line":152,"column":170}},"type":"binary-expr","locations":[{"start":{"line":152,"column":68},"end":{"line":152,"column":114}},{"start":{"line":152,"column":118},"end":{"line":152,"column":145}},{"start":{"line":152,"column":149},"end":{"line":152,"column":170}}],"line":152},"24":{"loc":{"start":{"line":152,"column":290},"end":{"line":154,"column":32}},"type":"binary-expr","locations":[{"start":{"line":152,"column":290},"end":{"line":152,"column":299}},{"start":{"line":152,"column":304},"end":{"line":154,"column":31}}],"line":152},"25":{"loc":{"start":{"line":154,"column":194},"end":{"line":156,"column":28}},"type":"binary-expr","locations":[{"start":{"line":154,"column":194},"end":{"line":154,"column":203}},{"start":{"line":154,"column":208},"end":{"line":156,"column":27}}],"line":154},"26":{"loc":{"start":{"line":156,"column":196},"end":{"line":158,"column":31}},"type":"binary-expr","locations":[{"start":{"line":156,"column":196},"end":{"line":156,"column":205}},{"start":{"line":156,"column":210},"end":{"line":158,"column":30}}],"line":156},"27":{"loc":{"start":{"line":158,"column":199},"end":{"line":160,"column":33}},"type":"binary-expr","locations":[{"start":{"line":158,"column":199},"end":{"line":158,"column":208}},{"start":{"line":158,"column":213},"end":{"line":160,"column":32}}],"line":158},"28":{"loc":{"start":{"line":160,"column":198},"end":{"line":162,"column":30}},"type":"binary-expr","locations":[{"start":{"line":160,"column":198},"end":{"line":160,"column":207}},{"start":{"line":160,"column":212},"end":{"line":162,"column":29}}],"line":160},"29":{"loc":{"start":{"line":162,"column":216},"end":{"line":164,"column":30}},"type":"binary-expr","locations":[{"start":{"line":162,"column":216},"end":{"line":162,"column":225}},{"start":{"line":162,"column":230},"end":{"line":164,"column":29}}],"line":162},"30":{"loc":{"start":{"line":164,"column":266},"end":{"line":164,"column":821}},"type":"binary-expr","locations":[{"start":{"line":164,"column":266},"end":{"line":164,"column":276}},{"start":{"line":164,"column":281},"end":{"line":164,"column":820}}],"line":164}},"s":{"0":0,"1":0,"2":0,"3":0,"4":0,"5":0,"6":0,"7":0,"8":0,"9":0,"10":0,"11":0,"12":0,"13":0,"14":0,"15":0,"16":0,"17":0,"18":0,"19":0,"20":0,"21":0,"22":0,"23":0,"24":0,"25":0,"26":0,"27":0,"28":0,"29":0,"30":0,"31":0,"32":0,"33":0,"34":0,"35":0,"36":0,"37":0,"38":0,"39":0,"40":0,"41":0,"42":0,"43":0,"44":0,"45":0,"46":0,"47":0,"48":0,"49":0,"50":0,"51":0,"52":0,"53":0,"54":0,"55":0,"56":0,"57":0,"58":0,"59":0,"60":0,"61":0,"62":0,"63":0,"64":0,"65":0,"66":0},"f":{"0":0,"1":0,"2":0,"3":0,"4":0,"5":0,"6":0,"7":0,"8":0,"9":0,"10":0,"11":0,"12":0,"13":0},"b":{"0":[0,0],"1":[0,0],"2":[0,0,0,0],"3":[0,0],"4":[0,0],"5":[0,0,0],"6":[0,0],"7":[0,0],"8":[0,0],"9":[0,0],"10":[0,0],"11":[0,0,0],"12":[0,0],"13":[0,0,0],"14":[0,0],"15":[0,0],"16":[0,0],"17":[0,0],"18":[0,0],"19":[0,0],"20":[0,0],"21":[0,0],"22":[0,0],"23":[0,0,0],"24":[0,0],"25":[0,0],"26":[0,0],"27":[0,0],"28":[0,0],"29":[0,0],"30":[0,0]},"inputSourceMap":{"0":"{","1":"\"","2":"v","3":"e","4":"r","5":"s","6":"i","7":"o","8":"n","9":"\"","10":":","11":"3","12":",","13":"\"","14":"s","15":"o","16":"u","17":"r","18":"c","19":"e","20":"s","21":"\"","22":":","23":"[","24":"\"","25":"/","26":"w","27":"o","28":"r","29":"k","30":"s","31":"p","32":"a","33":"c","34":"e","35":"s","36":"/","37":"m","38":"y","39":"-","40":"w","41":"s","42":"-","43":"d","44":"e","45":"m","46":"o","47":"/","48":"s","49":"r","50":"c","51":"/","52":"f","53":"r","54":"o","55":"n","56":"t","57":"e","58":"n","59":"d","60":"/","61":"s","62":"r","63":"c","64":"/","65":"v","66":"i","67":"e","68":"w","69":"s","70":"/","71":"A","72":"c","73":"c","74":"o","75":"u","76":"n","77":"t","78":"V","79":"i","80":"e","81":"w","82":".","83":"v","84":"u","85":"e","86":"\"","87":"]","88":",","89":"\"","90":"n","91":"a","92":"m","93":"e","94":"s","95":"\"","96":":","97":"[","98":"]","99":",","100":"\"","101":"m","102":"a","103":"p","104":"p","105":"i","106":"n","107":"g","108":"s","109":"\"","110":":","111":"\"","112":"A","113":"A","114":"4","115":"F","116":"A","117":",","118":"S","119":"A","120":"A","121":"S","122":",","123":"G","124":"A","125":"A","126":"G","127":",","128":"E","129":"A","130":"A","131":"E","132":",","133":"S","134":"A","135":"A","136":"S","137":",","138":"Q","139":"A","140":"A","141":"Q","142":",","143":"K","144":"A","145":"A","146":"K","147":";","148":"A","149":"A","150":"C","151":"p","152":"C","153":",","154":"S","155":"A","156":"A","157":"S","158":",","159":"S","160":"A","161":"A","162":"S","163":",","164":"Q","165":"A","166":"A","167":"Q","168":",","169":"Y","170":"A","171":"A","172":"Y","173":";","174":"A","175":"A","176":"C","177":"t","178":"C","179":",","180":"S","181":"A","182":"A","183":"S","184":",","185":"W","186":"A","187":"A","188":"W","189":",","190":"E","191":"A","192":"A","193":"E","194":",","195":"W","196":"A","197":"A","198":"W","199":",","200":"Q","201":"A","202":"A","203":"Q","204":",","205":"i","206":"B","207":"A","208":"A","209":"i","210":"B","211":";","212":"A","213":"A","214":"E","215":"1","216":"D","217":",","218":"e","219":"A","220":"A","221":"e","222":";","223":"E","224":"A","225":"C","226":"b","227":",","228":"I","229":"A","230":"A","231":"I","232":",","233":"E","234":"A","235":"A","236":"E","237":",","238":"a","239":"A","240":"A","241":"a","242":";","243":"E","244":"A","245":"C","246":"n","247":"B","248":",","249":"K","250":"A","251":"A","252":"K","253":",","254":"G","255":"A","256":"A","257":"G","258":";","259":"I","260":"A","261":"C","262":"N","263":",","264":"M","265":"A","266":"A","267":"M","268":",","269":"M","270":"A","271":"A","272":"M","273":",","274":"G","275":"A","276":"A","277":"G","278":",","279":"S","280":"A","281":"A","282":"S","283":",","284":"C","285":"A","286":"A","287":"C","288":",","289":"C","290":"A","291":"A","292":"C","293":";","294":"I","295":"A","296":"C","297":"1","298":"B","299":",","300":"M","301":"A","302":"A","303":"M","304":",","305":"W","306":"A","307":"A","308":"W","309":",","310":"G","311":"A","312":"A","313":"G","314":",","315":"G","316":"A","317":"A","318":"G","319":",","320":"C","321":"A","322":"A","323":"C","324":",","325":"I","326":"A","327":"A","328":"I","329":",","330":"C","331":"A","332":"A","333":"C","334":";","335":"I","336":"A","337":"C","338":"7","339":"B","340":",","341":"M","342":"A","343":"A","344":"M","345":",","346":"O","347":"A","348":"A","349":"O","350":",","351":"G","352":"A","353":"A","354":"G","355":",","356":"G","357":"A","358":"A","359":"G","360":",","361":"C","362":"A","363":"A","364":"C","365":",","366":"I","367":"A","368":"A","369":"I","370":",","371":"C","372":"A","373":"A","374":"C","375":";","376":"I","377":"A","378":"C","379":"z","380":"B","381":",","382":"M","383":"A","384":"A","385":"M","386":",","387":"Y","388":"A","389":"A","390":"Y","391":",","392":"G","393":"A","394":"A","395":"G","396":",","397":"G","398":"A","399":"A","400":"G","401":",","402":"C","403":"A","404":"A","405":"C","406":",","407":"E","408":"A","409":"A","410":"E","411":",","412":"C","413":"A","414":"A","415":"C","416":";","417":"I","418":"A","419":"E","420":"5","421":"B","422":",","423":"M","424":"A","425":"A","426":"M","427":",","428":"e","429":"A","430":"A","431":"e","432":",","433":"G","434":"A","435":"A","436":"G","437":",","438":"Y","439":"A","440":"A","441":"Y","442":";","443":"M","444":"A","445":"C","446":"l","447":"C","448":",","449":"O","450":"A","451":"A","452":"O","453":",","454":"C","455":"A","456":"A","457":"C","458":",","459":"K","460":"A","461":"A","462":"K","463":",","464":"G","465":"A","466":"A","467":"G","468":",","469":"I","470":"A","471":"A","472":"I","473":";","474":"M","475":"A","476":"C","477":"p","478":"B","479":",","480":"Y","481":"A","482":"A","483":"Y","484":",","485":"C","486":"A","487":"A","488":"C","489":",","490":"K","491":"A","492":"A","493":"K","494":",","495":"G","496":"A","497":"A","498":"G","499":",","500":"E","501":"A","502":"A","503":"E","504":";","505":"M","506":"A","507":"E","508":"v","509":"B","510":",","511":"I","512":"A","513":"A","514":"I","515":";","516":"Q","517":"A","518":"C","519":"F","520":",","521":"M","522":"A","523":"A","524":"M","525":",","526":"I","527":"A","528":"A","529":"I","530":",","531":"G","532":"A","533":"A","534":"G","535":",","536":"M","537":"A","538":"A","539":"M","540":",","541":"W","542":"A","543":"A","544":"W","545":",","546":"C","547":"A","548":"A","549":"C","550":",","551":"U","552":"A","553":"A","554":"U","555":",","556":"C","557":"A","558":"A","559":"C","560":",","561":"C","562":"A","563":"A","564":"C","565":";","566":"Q","567":"A","568":"C","569":"3","570":"C","571":",","572":"W","573":"A","574":"A","575":"W","576":",","577":"C","578":"A","579":"A","580":"C","581":",","582":"K","583":"A","584":"A","585":"K","586":",","587":"G","588":"A","589":"A","590":"G","591":",","592":"I","593":"A","594":"A","595":"I","596":";","597":"M","598":"A","599":"C","600":"1","601":"B","602":",","603":"C","604":"A","605":"A","606":"C","607":",","608":"C","609":"A","610":"A","611":"C","612":",","613":"O","614":"A","615":"A","616":"O","617":",","618":"K","619":"A","620":"A","621":"K","622":",","623":"E","624":"A","625":"A","626":"E","627":";","628":"Q","629":"A","630":"C","631":"d","632":",","633":"Y","634":"A","635":"A","636":"Y","637":",","638":"C","639":"A","640":"A","641":"C","642":",","643":"K","644":"A","645":"A","646":"K","647":",","648":"G","649":"A","650":"A","651":"G","652":",","653":"K","654":"A","655":"A","656":"K","657":",","658":"C","659":"A","660":"A","661":"C","662":",","663":"Q","664":"A","665":"A","666":"Q","667":",","668":"E","669":"A","670":"A","671":"E","672":",","673":"I","674":"A","675":"A","676":"I","677":",","678":"E","679":"A","680":"A","681":"E","682":",","683":"K","684":"A","685":"A","686":"K","687":",","688":"I","689":"A","690":"A","691":"I","692":",","693":"m","694":"B","695":"A","696":"A","697":"m","698":"B","699":";","700":"M","701":"A","702":"C","703":"z","704":"E","705":",","706":"C","707":"A","708":"A","709":"C","710":",","711":"S","712":"A","713":"A","714":"S","715":";","716":"Q","717":"A","718":"C","719":"R","720":",","721":"O","722":"A","723":"A","724":"O","725":",","726":"C","727":"A","728":"A","729":"C","730":",","731":"K","732":"A","733":"A","734":"K","735":",","736":"G","737":"A","738":"A","739":"G","740":",","741":"K","742":"A","743":"A","744":"K","745":";","746":"M","747":"A","748":"C","749":"v","750":"B","751":";","752":"I","753":"A","754":"C","755":"F","756":",","757":"C","758":"A","759":"A","760":"C","761":";","762":"I","763":"A","764":"E","765":"D","766":",","767":"M","768":"A","769":"A","770":"M","771":",","772":"Y","773":"A","774":"A","775":"Y","776":",","777":"G","778":"A","779":"A","780":"G","781":",","782":"Y","783":"A","784":"A","785":"Y","786":";","787":"M","788":"A","789":"C","790":"/","791":"B","792":",","793":"I","794":"A","795":"A","796":"I","797":";","798":"Q","799":"A","800":"C","801":"F","802":",","803":"M","804":"A","805":"A","806":"M","807":",","808":"W","809":"A","810":"A","811":"W","812":",","813":"C","814":"A","815":"A","816":"C","817":",","818":"M","819":"A","820":"A","821":"M","822":",","823":"C","824":"A","825":"A","826":"C","827":",","828":"C","829":"A","830":"A","831":"C","832":";","833":"M","834":"A","835":"C","836":"5","837":"B","838":",","839":"C","840":"A","841":"A","842":"C","843":",","844":"C","845":"A","846":"A","847":"C","848":",","849":"O","850":"A","851":"A","852":"O","853":",","854":"K","855":"A","856":"A","857":"K","858":",","859":"E","860":"A","861":"A","862":"E","863":";","864":"Q","865":"A","866":"C","867":"d","868":",","869":"O","870":"A","871":"A","872":"O","873":",","874":"C","875":"A","876":"A","877":"C","878":",","879":"K","880":"A","881":"A","882":"K","883":",","884":"C","885":"A","886":"A","887":"C","888":",","889":"e","890":"A","891":"A","892":"e","893":",","894":"E","895":"A","896":"A","897":"E","898":",","899":"K","900":"A","901":"A","902":"K","903":",","904":"C","905":"A","906":"A","907":"C","908":";","909":"M","910":"A","911":"C","912":"v","913":"C","914":",","915":"C","916":"A","917":"A","918":"C","919":",","920":"S","921":"A","922":"A","923":"S","924":";","925":"Q","926":"A","927":"C","928":"R","929":",","930":"M","931":"A","932":"A","933":"M","934":",","935":"C","936":"A","937":"A","938":"C","939":",","940":"I","941":"A","942":"A","943":"I","944":",","945":"C","946":"A","947":"A","948":"C","949":",","950":"Q","951":"A","952":"A","953":"Q","954":",","955":"C","956":"A","957":"A","958":"C","959":";","960":"M","961":"A","962":"C","963":"v","964":"B","965":";","966":"I","967":"A","968":"C","969":"F","970":",","971":"C","972":"A","973":"A","974":"C","975":";","976":"I","977":"A","978":"E","979":"D","980":",","981":"M","982":"A","983":"A","984":"M","985":",","986":"U","987":"A","988":"A","989":"U","990":",","991":"G","992":"A","993":"A","994":"I","995":",","996":"U","997":"A","998":"A","999":"U","1000":",","1001":"I","1002":"A","1003":"A","1004":"K","1005":";","1006":"M","1007":"A","1008":"C","1009":"j","1010":"C","1011":",","1012":"I","1013":"A","1014":"A","1015":"I","1016":",","1017":"C","1018":"A","1019":"A","1020":"C","1021":",","1022":"U","1023":"A","1024":"A","1025":"U","1026":",","1027":"E","1028":"A","1029":"A","1030":"E","1031":",","1032":"O","1033":"A","1034":"A","1035":"O","1036":",","1037":"G","1038":"A","1039":"A","1040":"G","1041":";","1042":"M","1043":"A","1044":"C","1045":"3","1046":"B","1047":",","1048":"M","1049":"A","1050":"A","1051":"M","1052":",","1053":"I","1054":"A","1055":"A","1056":"I","1057":",","1058":"G","1059":"A","1060":"A","1061":"G","1062":",","1063":"I","1064":"A","1065":"A","1066":"I","1067":",","1068":"I","1069":"A","1070":"A","1071":"I","1072":",","1073":"C","1074":"A","1075":"A","1076":"C","1077":",","1078":"U","1079":"A","1080":"A","1081":"U","1082":",","1083":"C","1084":"A","1085":"A","1086":"C","1087":";","1088":"M","1089":"A","1090":"C","1091":"j","1092":"C","1093":",","1094":"O","1095":"A","1096":"A","1097":"O","1098":",","1099":"I","1100":"A","1101":"A","1102":"I","1103":",","1104":"C","1105":"A","1106":"A","1107":"C","1108":",","1109":"c","1110":"A","1111":"A","1112":"c","1113":",","1114":"C","1115":"A","1116":"A","1117":"C","1118":",","1119":"O","1120":"A","1121":"A","1122":"O","1123":",","1124":"E","1125":"A","1126":"A","1127":"E","1128":";","1129":"Q","1130":"A","1131":"C","1132":"l","1133":"C","1134":",","1135":"I","1136":"A","1137":"A","1138":"I","1139":",","1140":"E","1141":"A","1142":"A","1143":"E","1144":",","1145":"S","1146":"A","1147":"A","1148":"S","1149":";","1150":"Q","1151":"A","1152":"C","1153":"f","1154":",","1155":"K","1156":"A","1157":"A","1158":"K","1159":",","1160":"E","1161":"A","1162":"A","1163":"E","1164":",","1165":"S","1166":"A","1167":"A","1168":"S","1169":";","1170":"Q","1171":"A","1172":"C","1173":"h","1174":"B","1175":",","1176":"G","1177":"A","1178":"A","1179":"G","1180":",","1181":"E","1182":"A","1183":"A","1184":"E","1185":",","1186":"S","1187":"A","1188":"A","1189":"S","1190":";","1191":"Q","1192":"A","1193":"C","1194":"d","1195":",","1196":"I","1197":"A","1198":"A","1199":"I","1200":",","1201":"E","1202":"A","1203":"A","1204":"E","1205":",","1206":"S","1207":"A","1208":"A","1209":"S","1210":";","1211":"Q","1212":"A","1213":"C","1214":"f","1215":",","1216":"M","1217":"A","1218":"A","1219":"M","1220":",","1221":"E","1222":"A","1223":"A","1224":"E","1225":";","1226":"M","1227":"A","1228":"C","1229":"V","1230":",","1231":"C","1232":"A","1233":"A","1234":"C","1235":",","1236":"C","1237":"A","1238":"A","1239":"C","1240":";","1241":"I","1242":"A","1243":"C","1244":"J","1245":",","1246":"C","1247":"A","1248":"A","1249":"C","1250":";","1251":"I","1252":"A","1253":"E","1254":"D","1255":",","1256":"S","1257":"A","1258":"A","1259":"S","1260":",","1261":"C","1262":"A","1263":"A","1264":"C","1265":",","1266":"M","1267":"A","1268":"A","1269":"M","1270":";","1271":"M","1272":"A","1273":"C","1274":"d","1275":",","1276":"e","1277":"A","1278":"A","1279":"e","1280":",","1281":"C","1282":"A","1283":"A","1284":"C","1285":",","1286":"C","1287":"A","1288":"A","1289":"C","1290":";","1291":"I","1292":"A","1293":"C","1294":"n","1295":"B","1296":",","1297":"C","1298":"A","1299":"A","1300":"C","1301":",","1302":"C","1303":"A","1304":"A","1305":"C","1306":";","1307":"I","1308":"A","1309":"E","1310":"F","1311":",","1312":"O","1313":"A","1314":"A","1315":"O","1316":";","1317":"M","1318":"A","1319":"C","1320":"L","1321":",","1322":"W","1323":"A","1324":"A","1325":"W","1326":";","1327":"M","1328":"A","1329":"C","1330":"X","1331":",","1332":"O","1333":"A","1334":"A","1335":"O","1336":";","1337":"M","1338":"A","1339":"C","1340":"P","1341":",","1342":"Y","1343":"A","1344":"A","1345":"Y","1346":";","1347":"M","1348":"A","1349":"C","1350":"Z","1351":",","1352":"Y","1353":"A","1354":"A","1355":"Y","1356":";","1357":"M","1358":"A","1359":"C","1360":"Z","1361":";","1362":"I","1363":"A","1364":"C","1365":"F","1366":",","1367":"C","1368":"A","1369":"A","1370":"C","1371":";","1372":"E","1373":"A","1374":"C","1375":"H","1376":";","1377":"A","1378":"A","1379":"C","1380":"F","1381":",","1382":"C","1383":"A","1384":"A","1385":"C","1386":"\"","1387":",","1388":"\"","1389":"f","1390":"i","1391":"l","1392":"e","1393":"\"","1394":":","1395":"\"","1396":"/","1397":"w","1398":"o","1399":"r","1400":"k","1401":"s","1402":"p","1403":"a","1404":"c","1405":"e","1406":"s","1407":"/","1408":"m","1409":"y","1410":"-","1411":"w","1412":"s","1413":"-","1414":"d","1415":"e","1416":"m","1417":"o","1418":"/","1419":"s","1420":"r","1421":"c","1422":"/","1423":"f","1424":"r","1425":"o","1426":"n","1427":"t","1428":"e","1429":"n","1430":"d","1431":"/","1432":"s","1433":"r","1434":"c","1435":"/","1436":"v","1437":"i","1438":"e","1439":"w","1440":"s","1441":"/","1442":"A","1443":"c","1444":"c","1445":"o","1446":"u","1447":"n","1448":"t","1449":"V","1450":"i","1451":"e","1452":"w","1453":".","1454":"v","1455":"u","1456":"e","1457":"\"","1458":",","1459":"\"","1460":"s","1461":"o","1462":"u","1463":"r","1464":"c","1465":"e","1466":"s","1467":"C","1468":"o","1469":"n","1470":"t","1471":"e","1472":"n","1473":"t","1474":"\"","1475":":","1476":"[","1477":"\"","1478":"<","1479":"t","1480":"e","1481":"m","1482":"p","1483":"l","1484":"a","1485":"t","1486":"e","1487":">","1488":"\\","1489":"n","1490":" ","1491":" ","1492":"<","1493":"d","1494":"i","1495":"v","1496":" ","1497":"c","1498":"l","1499":"a","1500":"s","1501":"s","1502":"=","1503":"\\","1504":"\"","1505":"m","1506":"i","1507":"n","1508":"-","1509":"h","1510":"-","1511":"s","1512":"c","1513":"r","1514":"e","1515":"e","1516":"n","1517":" ","1518":"b","1519":"g","1520":"-","1521":"g","1522":"r","1523":"a","1524":"y","1525":"-","1526":"1","1527":"0","1528":"0","1529":"\\","1530":"\"","1531":">","1532":"\\","1533":"n","1534":" ","1535":" ","1536":" ","1537":" ","1538":"<","1539":"!","1540":"-","1541":"-","1542":" ","1543":"ヘ","1544":"ッ","1545":"ダ","1546":"ー","1547":" ","1548":"-","1549":"-","1550":">","1551":"\\","1552":"n","1553":" ","1554":" ","1555":" ","1556":" ","1557":"<","1558":"h","1559":"e","1560":"a","1561":"d","1562":"e","1563":"r","1564":" ","1565":"c","1566":"l","1567":"a","1568":"s","1569":"s","1570":"=","1571":"\\","1572":"\"","1573":"b","1574":"g","1575":"-","1576":"w","1577":"h","1578":"i","1579":"t","1580":"e","1581":" ","1582":"s","1583":"h","1584":"a","1585":"d","1586":"o","1587":"w","1588":"\\","1589":"\"","1590":">","1591":"\\","1592":"n","1593":" ","1594":" ","1595":" ","1596":" ","1597":" ","1598":" ","1599":"<","1600":"d","1601":"i","1602":"v","1603":" ","1604":"c","1605":"l","1606":"a","1607":"s","1608":"s","1609":"=","1610":"\\","1611":"\"","1612":"m","1613":"a","1614":"x","1615":"-","1616":"w","1617":"-","1618":"7","1619":"x","1620":"l","1621":" ","1622":"m","1623":"x","1624":"-","1625":"a","1626":"u","1627":"t","1628":"o","1629":" ","1630":"p","1631":"x","1632":"-","1633":"4","1634":" ","1635":"s","1636":"m","1637":":","1638":"p","1639":"x","1640":"-","1641":"6","1642":" ","1643":"l","1644":"g","1645":":","1646":"p","1647":"x","1648":"-","1649":"8","1650":" ","1651":"p","1652":"y","1653":"-","1654":"4","1655":" ","1656":"f","1657":"l","1658":"e","1659":"x","1660":" ","1661":"j","1662":"u","1663":"s","1664":"t","1665":"i","1666":"f","1667":"y","1668":"-","1669":"b","1670":"e","1671":"t","1672":"w","1673":"e","1674":"e","1675":"n","1676":" ","1677":"i","1678":"t","1679":"e","1680":"m","1681":"s","1682":"-","1683":"c","1684":"e","1685":"n","1686":"t","1687":"e","1688":"r","1689":"\\","1690":"\"","1691":">","1692":"\\","1693":"n","1694":" ","1695":" ","1696":" ","1697":" ","1698":" ","1699":" ","1700":" ","1701":" ","1702":"<","1703":"h","1704":"1","1705":" ","1706":"c","1707":"l","1708":"a","1709":"s","1710":"s","1711":"=","1712":"\\","1713":"\"","1714":"t","1715":"e","1716":"x","1717":"t","1718":"-","1719":"2","1720":"x","1721":"l","1722":" ","1723":"f","1724":"o","1725":"n","1726":"t","1727":"-","1728":"b","1729":"o","1730":"l","1731":"d","1732":" ","1733":"t","1734":"e","1735":"x","1736":"t","1737":"-","1738":"g","1739":"r","1740":"a","1741":"y","1742":"-","1743":"9","1744":"0","1745":"0","1746":"\\","1747":"\"","1748":">","1749":"会","1750":"員","1751":"マ","1752":"イ","1753":"ペ","1754":"ー","1755":"ジ","1756":"<","1757":"/","1758":"h","1759":"1","1760":">","1761":"\\","1762":"n","1763":" ","1764":" ","1765":" ","1766":" ","1767":" ","1768":" ","1769":" ","1770":" ","1771":"<","1772":"d","1773":"i","1774":"v","1775":" ","1776":"c","1777":"l","1778":"a","1779":"s","1780":"s","1781":"=","1782":"\\","1783":"\"","1784":"f","1785":"l","1786":"e","1787":"x","1788":" ","1789":"s","1790":"p","1791":"a","1792":"c","1793":"e","1794":"-","1795":"x","1796":"-","1797":"4","1798":"\\","1799":"\"","1800":">","1801":"\\","1802":"n","1803":" ","1804":" ","1805":" ","1806":" ","1807":" ","1808":" ","1809":" ","1810":" ","1811":" ","1812":" ","1813":"<","1814":"r","1815":"o","1816":"u","1817":"t","1818":"e","1819":"r","1820":"-","1821":"l","1822":"i","1823":"n","1824":"k","1825":"\\","1826":"n","1827":" ","1828":" ","1829":" ","1830":" ","1831":" ","1832":" ","1833":" ","1834":" ","1835":" ","1836":" ","1837":" ","1838":" ","1839":"t","1840":"o","1841":"=","1842":"\\","1843":"\"","1844":"/","1845":"p","1846":"o","1847":"i","1848":"n","1849":"t","1850":"s","1851":"\\","1852":"\"","1853":"\\","1854":"n","1855":" ","1856":" ","1857":" ","1858":" ","1859":" ","1860":" ","1861":" ","1862":" ","1863":" ","1864":" ","1865":" ","1866":" ","1867":"c","1868":"l","1869":"a","1870":"s","1871":"s","1872":"=","1873":"\\","1874":"\"","1875":"b","1876":"g","1877":"-","1878":"b","1879":"l","1880":"u","1881":"e","1882":"-","1883":"5","1884":"0","1885":"0","1886":" ","1887":"t","1888":"e","1889":"x","1890":"t","1891":"-","1892":"w","1893":"h","1894":"i","1895":"t","1896":"e","1897":" ","1898":"p","1899":"x","1900":"-","1901":"4","1902":" ","1903":"p","1904":"y","1905":"-","1906":"2","1907":" ","1908":"r","1909":"o","1910":"u","1911":"n","1912":"d","1913":"e","1914":"d","1915":" ","1916":"h","1917":"o","1918":"v","1919":"e","1920":"r","1921":":","1922":"b","1923":"g","1924":"-","1925":"b","1926":"l","1927":"u","1928":"e","1929":"-","1930":"6","1931":"0","1932":"0","1933":" ","1934":"t","1935":"r","1936":"a","1937":"n","1938":"s","1939":"i","1940":"t","1941":"i","1942":"o","1943":"n","1944":" ","1945":"d","1946":"u","1947":"r","1948":"a","1949":"t","1950":"i","1951":"o","1952":"n","1953":"-","1954":"2","1955":"0","1956":"0","1957":"\\","1958":"\"","1959":"\\","1960":"n","1961":" ","1962":" ","1963":" ","1964":" ","1965":" ","1966":" ","1967":" ","1968":" ","1969":" ","1970":" ","1971":">","1972":"\\","1973":"n","1974":" ","1975":" ","1976":" ","1977":" ","1978":" ","1979":" ","1980":" ","1981":" ","1982":" ","1983":" ","1984":" ","1985":" ","1986":"ポ","1987":"イ","1988":"ン","1989":"ト","1990":"\\","1991":"n","1992":" ","1993":" ","1994":" ","1995":" ","1996":" ","1997":" ","1998":" ","1999":" ","2000":" ","2001":" ","2002":"<","2003":"/","2004":"r","2005":"o","2006":"u","2007":"t","2008":"e","2009":"r","2010":"-","2011":"l","2012":"i","2013":"n","2014":"k","2015":">","2016":"\\","2017":"n","2018":" ","2019":" ","2020":" ","2021":" ","2022":" ","2023":" ","2024":" ","2025":" ","2026":" ","2027":" ","2028":"<","2029":"b","2030":"u","2031":"t","2032":"t","2033":"o","2034":"n","2035":"\\","2036":"n","2037":" ","2038":" ","2039":" ","2040":" ","2041":" ","2042":" ","2043":" ","2044":" ","2045":" ","2046":" ","2047":" ","2048":" ","2049":"@","2050":"c","2051":"l","2052":"i","2053":"c","2054":"k","2055":"=","2056":"\\","2057":"\"","2058":"h","2059":"a","2060":"n","2061":"d","2062":"l","2063":"e","2064":"L","2065":"o","2066":"g","2067":"o","2068":"u","2069":"t","2070":"\\","2071":"\"","2072":"\\","2073":"n","2074":" ","2075":" ","2076":" ","2077":" ","2078":" ","2079":" ","2080":" ","2081":" ","2082":" ","2083":" ","2084":" ","2085":" ","2086":"c","2087":"l","2088":"a","2089":"s","2090":"s","2091":"=","2092":"\\","2093":"\"","2094":"b","2095":"g","2096":"-","2097":"r","2098":"e","2099":"d","2100":"-","2101":"5","2102":"0","2103":"0","2104":" ","2105":"t","2106":"e","2107":"x","2108":"t","2109":"-","2110":"w","2111":"h","2112":"i","2113":"t","2114":"e","2115":" ","2116":"p","2117":"x","2118":"-","2119":"4","2120":" ","2121":"p","2122":"y","2123":"-","2124":"2","2125":" ","2126":"r","2127":"o","2128":"u","2129":"n","2130":"d","2131":"e","2132":"d","2133":" ","2134":"h","2135":"o","2136":"v","2137":"e","2138":"r","2139":":","2140":"b","2141":"g","2142":"-","2143":"r","2144":"e","2145":"d","2146":"-","2147":"6","2148":"0","2149":"0","2150":" ","2151":"t","2152":"r","2153":"a","2154":"n","2155":"s","2156":"i","2157":"t","2158":"i","2159":"o","2160":"n","2161":" ","2162":"d","2163":"u","2164":"r","2165":"a","2166":"t","2167":"i","2168":"o","2169":"n","2170":"-","2171":"2","2172":"0","2173":"0","2174":"\\","2175":"\"","2176":"\\","2177":"n","2178":" ","2179":" ","2180":" ","2181":" ","2182":" ","2183":" ","2184":" ","2185":" ","2186":" ","2187":" ","2188":">","2189":"\\","2190":"n","2191":" ","2192":" ","2193":" ","2194":" ","2195":" ","2196":" ","2197":" ","2198":" ","2199":" ","2200":" ","2201":" ","2202":" ","2203":"ロ","2204":"グ","2205":"ア","2206":"ウ","2207":"ト","2208":"\\","2209":"n","2210":" ","2211":" ","2212":" ","2213":" ","2214":" ","2215":" ","2216":" ","2217":" ","2218":" ","2219":" ","2220":"<","2221":"/","2222":"b","2223":"u","2224":"t","2225":"t","2226":"o","2227":"n","2228":">","2229":"\\","2230":"n","2231":" ","2232":" ","2233":" ","2234":" ","2235":" ","2236":" ","2237":" ","2238":" ","2239":"<","2240":"/","2241":"d","2242":"i","2243":"v","2244":">","2245":"\\","2246":"n","2247":" ","2248":" ","2249":" ","2250":" ","2251":" ","2252":" ","2253":"<","2254":"/","2255":"d","2256":"i","2257":"v","2258":">","2259":"\\","2260":"n","2261":" ","2262":" ","2263":" ","2264":" ","2265":"<","2266":"/","2267":"h","2268":"e","2269":"a","2270":"d","2271":"e","2272":"r","2273":">","2274":"\\","2275":"n","2276":"\\","2277":"n","2278":" ","2279":" ","2280":" ","2281":" ","2282":"<","2283":"!","2284":"-","2285":"-","2286":" ","2287":"メ","2288":"イ","2289":"ン","2290":"コ","2291":"ン","2292":"テ","2293":"ン","2294":"ツ","2295":" ","2296":"-","2297":"-","2298":">","2299":"\\","2300":"n","2301":" ","2302":" ","2303":" ","2304":" ","2305":"<","2306":"m","2307":"a","2308":"i","2309":"n","2310":" ","2311":"c","2312":"l","2313":"a","2314":"s","2315":"s","2316":"=","2317":"\\","2318":"\"","2319":"m","2320":"a","2321":"x","2322":"-","2323":"w","2324":"-","2325":"7","2326":"x","2327":"l","2328":" ","2329":"m","2330":"x","2331":"-","2332":"a","2333":"u","2334":"t","2335":"o","2336":" ","2337":"p","2338":"x","2339":"-","2340":"4","2341":" ","2342":"s","2343":"m","2344":":","2345":"p","2346":"x","2347":"-","2348":"6","2349":" ","2350":"l","2351":"g","2352":":","2353":"p","2354":"x","2355":"-","2356":"8","2357":" ","2358":"p","2359":"y","2360":"-","2361":"8","2362":"\\","2363":"\"","2364":">","2365":"\\","2366":"n","2367":" ","2368":" ","2369":" ","2370":" ","2371":" ","2372":" ","2373":"<","2374":"d","2375":"i","2376":"v","2377":" ","2378":"v","2379":"-","2380":"i","2381":"f","2382":"=","2383":"\\","2384":"\"","2385":"l","2386":"o","2387":"a","2388":"d","2389":"i","2390":"n","2391":"g","2392":"\\","2393":"\"","2394":" ","2395":"c","2396":"l","2397":"a","2398":"s","2399":"s","2400":"=","2401":"\\","2402":"\"","2403":"f","2404":"l","2405":"e","2406":"x","2407":" ","2408":"j","2409":"u","2410":"s","2411":"t","2412":"i","2413":"f","2414":"y","2415":"-","2416":"c","2417":"e","2418":"n","2419":"t","2420":"e","2421":"r","2422":" ","2423":"i","2424":"t","2425":"e","2426":"m","2427":"s","2428":"-","2429":"c","2430":"e","2431":"n","2432":"t","2433":"e","2434":"r","2435":" ","2436":"h","2437":"-","2438":"6","2439":"4","2440":"\\","2441":"\"","2442":">","2443":"\\","2444":"n","2445":" ","2446":" ","2447":" ","2448":" ","2449":" ","2450":" ","2451":" ","2452":" ","2453":"<","2454":"d","2455":"i","2456":"v","2457":" ","2458":"c","2459":"l","2460":"a","2461":"s","2462":"s","2463":"=","2464":"\\","2465":"\"","2466":"a","2467":"n","2468":"i","2469":"m","2470":"a","2471":"t","2472":"e","2473":"-","2474":"s","2475":"p","2476":"i","2477":"n","2478":" ","2479":"r","2480":"o","2481":"u","2482":"n","2483":"d","2484":"e","2485":"d","2486":"-","2487":"f","2488":"u","2489":"l","2490":"l","2491":" ","2492":"h","2493":"-","2494":"1","2495":"6","2496":" ","2497":"w","2498":"-","2499":"1","2500":"6","2501":" ","2502":"b","2503":"o","2504":"r","2505":"d","2506":"e","2507":"r","2508":"-","2509":"b","2510":"-","2511":"2","2512":" ","2513":"b","2514":"o","2515":"r","2516":"d","2517":"e","2518":"r","2519":"-","2520":"b","2521":"l","2522":"u","2523":"e","2524":"-","2525":"5","2526":"0","2527":"0","2528":"\\","2529":"\"","2530":">","2531":"<","2532":"/","2533":"d","2534":"i","2535":"v","2536":">","2537":"\\","2538":"n","2539":" ","2540":" ","2541":" ","2542":" ","2543":" ","2544":" ","2545":"<","2546":"/","2547":"d","2548":"i","2549":"v","2550":">","2551":"\\","2552":"n","2553":"\\","2554":"n","2555":" ","2556":" ","2557":" ","2558":" ","2559":" ","2560":" ","2561":"<","2562":"d","2563":"i","2564":"v","2565":" ","2566":"v","2567":"-","2568":"e","2569":"l","2570":"s","2571":"e","2572":"-","2573":"i","2574":"f","2575":"=","2576":"\\","2577":"\"","2578":"e","2579":"r","2580":"r","2581":"o","2582":"r","2583":"M","2584":"e","2585":"s","2586":"s","2587":"a","2588":"g","2589":"e","2590":"\\","2591":"\"","2592":" ","2593":"c","2594":"l","2595":"a","2596":"s","2597":"s","2598":"=","2599":"\\","2600":"\"","2601":"b","2602":"g","2603":"-","2604":"r","2605":"e","2606":"d","2607":"-","2608":"1","2609":"0","2610":"0","2611":" ","2612":"b","2613":"o","2614":"r","2615":"d","2616":"e","2617":"r","2618":" ","2619":"b","2620":"o","2621":"r","2622":"d","2623":"e","2624":"r","2625":"-","2626":"r","2627":"e","2628":"d","2629":"-","2630":"4","2631":"0","2632":"0","2633":" ","2634":"t","2635":"e","2636":"x","2637":"t","2638":"-","2639":"r","2640":"e","2641":"d","2642":"-","2643":"7","2644":"0","2645":"0","2646":" ","2647":"p","2648":"x","2649":"-","2650":"4","2651":" ","2652":"p","2653":"y","2654":"-","2655":"3","2656":" ","2657":"r","2658":"o","2659":"u","2660":"n","2661":"d","2662":"e","2663":"d","2664":"\\","2665":"\"","2666":">","2667":"\\","2668":"n","2669":" ","2670":" ","2671":" ","2672":" ","2673":" ","2674":" ","2675":" ","2676":" ","2677":"{","2678":"{","2679":" ","2680":"e","2681":"r","2682":"r","2683":"o","2684":"r","2685":"M","2686":"e","2687":"s","2688":"s","2689":"a","2690":"g","2691":"e","2692":" ","2693":"}","2694":"}","2695":"\\","2696":"n","2697":" ","2698":" ","2699":" ","2700":" ","2701":" ","2702":" ","2703":"<","2704":"/","2705":"d","2706":"i","2707":"v","2708":">","2709":"\\","2710":"n","2711":"\\","2712":"n","2713":" ","2714":" ","2715":" ","2716":" ","2717":" ","2718":" ","2719":"<","2720":"d","2721":"i","2722":"v","2723":" ","2724":"v","2725":"-","2726":"e","2727":"l","2728":"s","2729":"e","2730":" ","2731":"c","2732":"l","2733":"a","2734":"s","2735":"s","2736":"=","2737":"\\","2738":"\"","2739":"s","2740":"p","2741":"a","2742":"c","2743":"e","2744":"-","2745":"y","2746":"-","2747":"6","2748":"\\","2749":"\"","2750":">","2751":"\\","2752":"n","2753":" ","2754":" ","2755":" ","2756":" ","2757":" ","2758":" ","2759":" ","2760":" ","2761":"<","2762":"!","2763":"-","2764":"-","2765":" ","2766":"ユ","2767":"ー","2768":"ザ","2769":"ー","2770":"情","2771":"報","2772":"カ","2773":"ー","2774":"ド","2775":" ","2776":"-","2777":"-","2778":">","2779":"\\","2780":"n","2781":" ","2782":" ","2783":" ","2784":" ","2785":" ","2786":" ","2787":" ","2788":" ","2789":"<","2790":"d","2791":"i","2792":"v","2793":" ","2794":"c","2795":"l","2796":"a","2797":"s","2798":"s","2799":"=","2800":"\\","2801":"\"","2802":"b","2803":"g","2804":"-","2805":"w","2806":"h","2807":"i","2808":"t","2809":"e","2810":" ","2811":"s","2812":"h","2813":"a","2814":"d","2815":"o","2816":"w","2817":" ","2818":"r","2819":"o","2820":"u","2821":"n","2822":"d","2823":"e","2824":"d","2825":"-","2826":"l","2827":"g","2828":" ","2829":"p","2830":"-","2831":"6","2832":"\\","2833":"\"","2834":">","2835":"\\","2836":"n","2837":" ","2838":" ","2839":" ","2840":" ","2841":" ","2842":" ","2843":" ","2844":" ","2845":" ","2846":" ","2847":"<","2848":"h","2849":"2","2850":" ","2851":"c","2852":"l","2853":"a","2854":"s","2855":"s","2856":"=","2857":"\\","2858":"\"","2859":"t","2860":"e","2861":"x","2862":"t","2863":"-","2864":"x","2865":"l","2866":" ","2867":"f","2868":"o","2869":"n","2870":"t","2871":"-","2872":"s","2873":"e","2874":"m","2875":"i","2876":"b","2877":"o","2878":"l","2879":"d","2880":" ","2881":"t","2882":"e","2883":"x","2884":"t","2885":"-","2886":"g","2887":"r","2888":"a","2889":"y","2890":"-","2891":"8","2892":"0","2893":"0","2894":" ","2895":"m","2896":"b","2897":"-","2898":"4","2899":" ","2900":"f","2901":"l","2902":"e","2903":"x","2904":" ","2905":"i","2906":"t","2907":"e","2908":"m","2909":"s","2910":"-","2911":"c","2912":"e","2913":"n","2914":"t","2915":"e","2916":"r","2917":"\\","2918":"\"","2919":">","2920":"\\","2921":"n","2922":" ","2923":" ","2924":" ","2925":" ","2926":" ","2927":" ","2928":" ","2929":" ","2930":" ","2931":" ","2932":" ","2933":" ","2934":"<","2935":"s","2936":"v","2937":"g","2938":" ","2939":"c","2940":"l","2941":"a","2942":"s","2943":"s","2944":"=","2945":"\\","2946":"\"","2947":"w","2948":"-","2949":"6","2950":" ","2951":"h","2952":"-","2953":"6","2954":" ","2955":"m","2956":"r","2957":"-","2958":"2","2959":"\\","2960":"\"","2961":" ","2962":"f","2963":"i","2964":"l","2965":"l","2966":"=","2967":"\\","2968":"\"","2969":"n","2970":"o","2971":"n","2972":"e","2973":"\\","2974":"\"","2975":" ","2976":"s","2977":"t","2978":"r","2979":"o","2980":"k","2981":"e","2982":"=","2983":"\\","2984":"\"","2985":"c","2986":"u","2987":"r","2988":"r","2989":"e","2990":"n","2991":"t","2992":"C","2993":"o","2994":"l","2995":"o","2996":"r","2997":"\\","2998":"\"","2999":" ","3000":"v","3001":"i","3002":"e","3003":"w","3004":"B","3005":"o","3006":"x","3007":"=","3008":"\\","3009":"\"","3010":"0","3011":" ","3012":"0","3013":" ","3014":"2","3015":"4","3016":" ","3017":"2","3018":"4","3019":"\\","3020":"\"","3021":">","3022":"\\","3023":"n","3024":" ","3025":" ","3026":" ","3027":" ","3028":" ","3029":" ","3030":" ","3031":" ","3032":" ","3033":" ","3034":" ","3035":" ","3036":" ","3037":" ","3038":"<","3039":"p","3040":"a","3041":"t","3042":"h","3043":" ","3044":"s","3045":"t","3046":"r","3047":"o","3048":"k","3049":"e","3050":"-","3051":"l","3052":"i","3053":"n","3054":"e","3055":"c","3056":"a","3057":"p","3058":"=","3059":"\\","3060":"\"","3061":"r","3062":"o","3063":"u","3064":"n","3065":"d","3066":"\\","3067":"\"","3068":" ","3069":"s","3070":"t","3071":"r","3072":"o","3073":"k","3074":"e","3075":"-","3076":"l","3077":"i","3078":"n","3079":"e","3080":"j","3081":"o","3082":"i","3083":"n","3084":"=","3085":"\\","3086":"\"","3087":"r","3088":"o","3089":"u","3090":"n","3091":"d","3092":"\\","3093":"\"","3094":" ","3095":"s","3096":"t","3097":"r","3098":"o","3099":"k","3100":"e","3101":"-","3102":"w","3103":"i","3104":"d","3105":"t","3106":"h","3107":"=","3108":"\\","3109":"\"","3110":"2","3111":"\\","3112":"\"","3113":" ","3114":"d","3115":"=","3116":"\\","3117":"\"","3118":"M","3119":"1","3120":"6","3121":" ","3122":"7","3123":"a","3124":"4","3125":" ","3126":"4","3127":" ","3128":"0","3129":" ","3130":"1","3131":"1","3132":"-","3133":"8","3134":" ","3135":"0","3136":" ","3137":"4","3138":" ","3139":"4","3140":" ","3141":"0","3142":" ","3143":"0","3144":"1","3145":"8","3146":" ","3147":"0","3148":"z","3149":"M","3150":"1","3151":"2","3152":" ","3153":"1","3154":"4","3155":"a","3156":"7","3157":" ","3158":"7","3159":" ","3160":"0","3161":" ","3162":"0","3163":"0","3164":"-","3165":"7","3166":" ","3167":"7","3168":"h","3169":"1","3170":"4","3171":"a","3172":"7","3173":" ","3174":"7","3175":" ","3176":"0","3177":" ","3178":"0","3179":"0","3180":"-","3181":"7","3182":"-","3183":"7","3184":"z","3185":"\\","3186":"\"","3187":" ","3188":"/","3189":">","3190":"\\","3191":"n","3192":" ","3193":" ","3194":" ","3195":" ","3196":" ","3197":" ","3198":" ","3199":" ","3200":" ","3201":" ","3202":" ","3203":" ","3204":"<","3205":"/","3206":"s","3207":"v","3208":"g","3209":">","3210":"\\","3211":"n","3212":" ","3213":" ","3214":" ","3215":" ","3216":" ","3217":" ","3218":" ","3219":" ","3220":" ","3221":" ","3222":" ","3223":" ","3224":"ア","3225":"カ","3226":"ウ","3227":"ン","3228":"ト","3229":"情","3230":"報","3231":"\\","3232":"n","3233":" ","3234":" ","3235":" ","3236":" ","3237":" ","3238":" ","3239":" ","3240":" ","3241":" ","3242":" ","3243":"<","3244":"/","3245":"h","3246":"2","3247":">","3248":"\\","3249":"n","3250":" ","3251":" ","3252":" ","3253":" ","3254":" ","3255":" ","3256":" ","3257":" ","3258":" ","3259":" ","3260":"\\","3261":"n","3262":" ","3263":" ","3264":" ","3265":" ","3266":" ","3267":" ","3268":" ","3269":" ","3270":" ","3271":" ","3272":"<","3273":"d","3274":"i","3275":"v","3276":" ","3277":"v","3278":"-","3279":"i","3280":"f","3281":"=","3282":"\\","3283":"\"","3284":"a","3285":"c","3286":"c","3287":"o","3288":"u","3289":"n","3290":"t","3291":"D","3292":"a","3293":"t","3294":"a","3295":"?","3296":".","3297":"u","3298":"s","3299":"e","3300":"r","3301":"\\","3302":"\"","3303":" ","3304":"c","3305":"l","3306":"a","3307":"s","3308":"s","3309":"=","3310":"\\","3311":"\"","3312":"g","3313":"r","3314":"i","3315":"d","3316":" ","3317":"g","3318":"r","3319":"i","3320":"d","3321":"-","3322":"c","3323":"o","3324":"l","3325":"s","3326":"-","3327":"1","3328":" ","3329":"m","3330":"d","3331":":","3332":"g","3333":"r","3334":"i","3335":"d","3336":"-","3337":"c","3338":"o","3339":"l","3340":"s","3341":"-","3342":"2","3343":" ","3344":"g","3345":"a","3346":"p","3347":"-","3348":"4","3349":"\\","3350":"\"","3351":">","3352":"\\","3353":"n","3354":" ","3355":" ","3356":" ","3357":" ","3358":" ","3359":" ","3360":" ","3361":" ","3362":" ","3363":" ","3364":" ","3365":" ","3366":"<","3367":"d","3368":"i","3369":"v","3370":">","3371":"\\","3372":"n","3373":" ","3374":" ","3375":" ","3376":" ","3377":" ","3378":" ","3379":" ","3380":" ","3381":" ","3382":" ","3383":" ","3384":" ","3385":" ","3386":" ","3387":"<","3388":"p","3389":" ","3390":"c","3391":"l","3392":"a","3393":"s","3394":"s","3395":"=","3396":"\\","3397":"\"","3398":"t","3399":"e","3400":"x","3401":"t","3402":"-","3403":"s","3404":"m","3405":" ","3406":"t","3407":"e","3408":"x","3409":"t","3410":"-","3411":"g","3412":"r","3413":"a","3414":"y","3415":"-","3416":"6","3417":"0","3418":"0","3419":"\\","3420":"\"","3421":">","3422":"ユ","3423":"ー","3424":"ザ","3425":"ー","3426":"I","3427":"D","3428":"<","3429":"/","3430":"p","3431":">","3432":"\\","3433":"n","3434":" ","3435":" ","3436":" ","3437":" ","3438":" ","3439":" ","3440":" ","3441":" ","3442":" ","3443":" ","3444":" ","3445":" ","3446":" ","3447":" ","3448":"<","3449":"p","3450":" ","3451":"c","3452":"l","3453":"a","3454":"s","3455":"s","3456":"=","3457":"\\","3458":"\"","3459":"t","3460":"e","3461":"x","3462":"t","3463":"-","3464":"l","3465":"g","3466":" ","3467":"f","3468":"o","3469":"n","3470":"t","3471":"-","3472":"m","3473":"e","3474":"d","3475":"i","3476":"u","3477":"m","3478":" ","3479":"t","3480":"e","3481":"x","3482":"t","3483":"-","3484":"g","3485":"r","3486":"a","3487":"y","3488":"-","3489":"9","3490":"0","3491":"0","3492":"\\","3493":"\"","3494":">","3495":"{","3496":"{","3497":" ","3498":"a","3499":"c","3500":"c","3501":"o","3502":"u","3503":"n","3504":"t","3505":"D","3506":"a","3507":"t","3508":"a","3509":".","3510":"u","3511":"s","3512":"e","3513":"r","3514":".","3515":"i","3516":"d","3517":" ","3518":"}","3519":"}","3520":"<","3521":"/","3522":"p","3523":">","3524":"\\","3525":"n","3526":" ","3527":" ","3528":" ","3529":" ","3530":" ","3531":" ","3532":" ","3533":" ","3534":" ","3535":" ","3536":" ","3537":" ","3538":"<","3539":"/","3540":"d","3541":"i","3542":"v","3543":">","3544":"\\","3545":"n","3546":" ","3547":" ","3548":" ","3549":" ","3550":" ","3551":" ","3552":" ","3553":" ","3554":" ","3555":" ","3556":" ","3557":" ","3558":"<","3559":"d","3560":"i","3561":"v","3562":">","3563":"\\","3564":"n","3565":" ","3566":" ","3567":" ","3568":" ","3569":" ","3570":" ","3571":" ","3572":" ","3573":" ","3574":" ","3575":" ","3576":" ","3577":" ","3578":" ","3579":"<","3580":"p","3581":" ","3582":"c","3583":"l","3584":"a","3585":"s","3586":"s","3587":"=","3588":"\\","3589":"\"","3590":"t","3591":"e","3592":"x","3593":"t","3594":"-","3595":"s","3596":"m","3597":" ","3598":"t","3599":"e","3600":"x","3601":"t","3602":"-","3603":"g","3604":"r","3605":"a","3606":"y","3607":"-","3608":"6","3609":"0","3610":"0","3611":"\\","3612":"\"","3613":">","3614":"氏","3615":"名","3616":"<","3617":"/","3618":"p","3619":">","3620":"\\","3621":"n","3622":" ","3623":" ","3624":" ","3625":" ","3626":" ","3627":" ","3628":" ","3629":" ","3630":" ","3631":" ","3632":" ","3633":" ","3634":" ","3635":" ","3636":"<","3637":"p","3638":" ","3639":"c","3640":"l","3641":"a","3642":"s","3643":"s","3644":"=","3645":"\\","3646":"\"","3647":"t","3648":"e","3649":"x","3650":"t","3651":"-","3652":"l","3653":"g","3654":" ","3655":"f","3656":"o","3657":"n","3658":"t","3659":"-","3660":"m","3661":"e","3662":"d","3663":"i","3664":"u","3665":"m","3666":" ","3667":"t","3668":"e","3669":"x","3670":"t","3671":"-","3672":"g","3673":"r","3674":"a","3675":"y","3676":"-","3677":"9","3678":"0","3679":"0","3680":"\\","3681":"\"","3682":">","3683":"{","3684":"{","3685":" ","3686":"a","3687":"c","3688":"c","3689":"o","3690":"u","3691":"n","3692":"t","3693":"D","3694":"a","3695":"t","3696":"a","3697":".","3698":"u","3699":"s","3700":"e","3701":"r","3702":".","3703":"f","3704":"u","3705":"l","3706":"l","3707":"N","3708":"a","3709":"m","3710":"e","3711":" ","3712":"}","3713":"}","3714":"<","3715":"/","3716":"p","3717":">","3718":"\\","3719":"n","3720":" ","3721":" ","3722":" ","3723":" ","3724":" ","3725":" ","3726":" ","3727":" ","3728":" ","3729":" ","3730":" ","3731":" ","3732":"<","3733":"/","3734":"d","3735":"i","3736":"v","3737":">","3738":"\\","3739":"n","3740":" ","3741":" ","3742":" ","3743":" ","3744":" ","3745":" ","3746":" ","3747":" ","3748":" ","3749":" ","3750":" ","3751":" ","3752":"<","3753":"d","3754":"i","3755":"v","3756":">","3757":"\\","3758":"n","3759":" ","3760":" ","3761":" ","3762":" ","3763":" ","3764":" ","3765":" ","3766":" ","3767":" ","3768":" ","3769":" ","3770":" ","3771":" ","3772":" ","3773":"<","3774":"p","3775":" ","3776":"c","3777":"l","3778":"a","3779":"s","3780":"s","3781":"=","3782":"\\","3783":"\"","3784":"t","3785":"e","3786":"x","3787":"t","3788":"-","3789":"s","3790":"m","3791":" ","3792":"t","3793":"e","3794":"x","3795":"t","3796":"-","3797":"g","3798":"r","3799":"a","3800":"y","3801":"-","3802":"6","3803":"0","3804":"0","3805":"\\","3806":"\"","3807":">","3808":"ユ","3809":"ー","3810":"ザ","3811":"ー","3812":"名","3813":"<","3814":"/","3815":"p","3816":">","3817":"\\","3818":"n","3819":" ","3820":" ","3821":" ","3822":" ","3823":" ","3824":" ","3825":" ","3826":" ","3827":" ","3828":" ","3829":" ","3830":" ","3831":" ","3832":" ","3833":"<","3834":"p","3835":" ","3836":"c","3837":"l","3838":"a","3839":"s","3840":"s","3841":"=","3842":"\\","3843":"\"","3844":"t","3845":"e","3846":"x","3847":"t","3848":"-","3849":"l","3850":"g","3851":" ","3852":"f","3853":"o","3854":"n","3855":"t","3856":"-","3857":"m","3858":"e","3859":"d","3860":"i","3861":"u","3862":"m","3863":" ","3864":"t","3865":"e","3866":"x","3867":"t","3868":"-","3869":"g","3870":"r","3871":"a","3872":"y","3873":"-","3874":"9","3875":"0","3876":"0","3877":"\\","3878":"\"","3879":">","3880":"{","3881":"{","3882":" ","3883":"a","3884":"c","3885":"c","3886":"o","3887":"u","3888":"n","3889":"t","3890":"D","3891":"a","3892":"t","3893":"a","3894":".","3895":"u","3896":"s","3897":"e","3898":"r","3899":".","3900":"u","3901":"s","3902":"e","3903":"r","3904":"n","3905":"a","3906":"m","3907":"e","3908":" ","3909":"}","3910":"}","3911":"<","3912":"/","3913":"p","3914":">","3915":"\\","3916":"n","3917":" ","3918":" ","3919":" ","3920":" ","3921":" ","3922":" ","3923":" ","3924":" ","3925":" ","3926":" ","3927":" ","3928":" ","3929":"<","3930":"/","3931":"d","3932":"i","3933":"v","3934":">","3935":"\\","3936":"n","3937":" ","3938":" ","3939":" ","3940":" ","3941":" ","3942":" ","3943":" ","3944":" ","3945":" ","3946":" ","3947":" ","3948":" ","3949":"<","3950":"d","3951":"i","3952":"v","3953":">","3954":"\\","3955":"n","3956":" ","3957":" ","3958":" ","3959":" ","3960":" ","3961":" ","3962":" ","3963":" ","3964":" ","3965":" ","3966":" ","3967":" ","3968":" ","3969":" ","3970":"<","3971":"p","3972":" ","3973":"c","3974":"l","3975":"a","3976":"s","3977":"s","3978":"=","3979":"\\","3980":"\"","3981":"t","3982":"e","3983":"x","3984":"t","3985":"-","3986":"s","3987":"m","3988":" ","3989":"t","3990":"e","3991":"x","3992":"t","3993":"-","3994":"g","3995":"r","3996":"a","3997":"y","3998":"-","3999":"6","4000":"0","4001":"0","4002":"\\","4003":"\"","4004":">","4005":"メ","4006":"ー","4007":"ル","4008":"ア","4009":"ド","4010":"レ","4011":"ス","4012":"<","4013":"/","4014":"p","4015":">","4016":"\\","4017":"n","4018":" ","4019":" ","4020":" ","4021":" ","4022":" ","4023":" ","4024":" ","4025":" ","4026":" ","4027":" ","4028":" ","4029":" ","4030":" ","4031":" ","4032":"<","4033":"p","4034":" ","4035":"c","4036":"l","4037":"a","4038":"s","4039":"s","4040":"=","4041":"\\","4042":"\"","4043":"t","4044":"e","4045":"x","4046":"t","4047":"-","4048":"l","4049":"g","4050":" ","4051":"f","4052":"o","4053":"n","4054":"t","4055":"-","4056":"m","4057":"e","4058":"d","4059":"i","4060":"u","4061":"m","4062":" ","4063":"t","4064":"e","4065":"x","4066":"t","4067":"-","4068":"g","4069":"r","4070":"a","4071":"y","4072":"-","4073":"9","4074":"0","4075":"0","4076":"\\","4077":"\"","4078":">","4079":"{","4080":"{","4081":" ","4082":"a","4083":"c","4084":"c","4085":"o","4086":"u","4087":"n","4088":"t","4089":"D","4090":"a","4091":"t","4092":"a","4093":".","4094":"u","4095":"s","4096":"e","4097":"r","4098":".","4099":"e","4100":"m","4101":"a","4102":"i","4103":"l","4104":" ","4105":"}","4106":"}","4107":"<","4108":"/","4109":"p","4110":">","4111":"\\","4112":"n","4113":" ","4114":" ","4115":" ","4116":" ","4117":" ","4118":" ","4119":" ","4120":" ","4121":" ","4122":" ","4123":" ","4124":" ","4125":"<","4126":"/","4127":"d","4128":"i","4129":"v","4130":">","4131":"\\","4132":"n","4133":" ","4134":" ","4135":" ","4136":" ","4137":" ","4138":" ","4139":" ","4140":" ","4141":" ","4142":" ","4143":" ","4144":" ","4145":"<","4146":"d","4147":"i","4148":"v","4149":">","4150":"\\","4151":"n","4152":" ","4153":" ","4154":" ","4155":" ","4156":" ","4157":" ","4158":" ","4159":" ","4160":" ","4161":" ","4162":" ","4163":" ","4164":" ","4165":" ","4166":"<","4167":"p","4168":" ","4169":"c","4170":"l","4171":"a","4172":"s","4173":"s","4174":"=","4175":"\\","4176":"\"","4177":"t","4178":"e","4179":"x","4180":"t","4181":"-","4182":"s","4183":"m","4184":" ","4185":"t","4186":"e","4187":"x","4188":"t","4189":"-","4190":"g","4191":"r","4192":"a","4193":"y","4194":"-","4195":"6","4196":"0","4197":"0","4198":"\\","4199":"\"","4200":">","4201":"登","4202":"録","4203":"日","4204":"時","4205":"<","4206":"/","4207":"p","4208":">","4209":"\\","4210":"n","4211":" ","4212":" ","4213":" ","4214":" ","4215":" ","4216":" ","4217":" ","4218":" ","4219":" ","4220":" ","4221":" ","4222":" ","4223":" ","4224":" ","4225":"<","4226":"p","4227":" ","4228":"c","4229":"l","4230":"a","4231":"s","4232":"s","4233":"=","4234":"\\","4235":"\"","4236":"t","4237":"e","4238":"x","4239":"t","4240":"-","4241":"l","4242":"g","4243":" ","4244":"f","4245":"o","4246":"n","4247":"t","4248":"-","4249":"m","4250":"e","4251":"d","4252":"i","4253":"u","4254":"m","4255":" ","4256":"t","4257":"e","4258":"x","4259":"t","4260":"-","4261":"g","4262":"r","4263":"a","4264":"y","4265":"-","4266":"9","4267":"0","4268":"0","4269":"\\","4270":"\"","4271":">","4272":"{","4273":"{","4274":" ","4275":"f","4276":"o","4277":"r","4278":"m","4279":"a","4280":"t","4281":"D","4282":"a","4283":"t","4284":"e","4285":"(","4286":"a","4287":"c","4288":"c","4289":"o","4290":"u","4291":"n","4292":"t","4293":"D","4294":"a","4295":"t","4296":"a","4297":".","4298":"u","4299":"s","4300":"e","4301":"r","4302":".","4303":"c","4304":"r","4305":"e","4306":"a","4307":"t","4308":"e","4309":"d","4310":"A","4311":"t","4312":")","4313":" ","4314":"}","4315":"}","4316":"<","4317":"/","4318":"p","4319":">","4320":"\\","4321":"n","4322":" ","4323":" ","4324":" ","4325":" ","4326":" ","4327":" ","4328":" ","4329":" ","4330":" ","4331":" ","4332":" ","4333":" ","4334":"<","4335":"/","4336":"d","4337":"i","4338":"v","4339":">","4340":"\\","4341":"n","4342":" ","4343":" ","4344":" ","4345":" ","4346":" ","4347":" ","4348":" ","4349":" ","4350":" ","4351":" ","4352":" ","4353":" ","4354":"<","4355":"d","4356":"i","4357":"v","4358":">","4359":"\\","4360":"n","4361":" ","4362":" ","4363":" ","4364":" ","4365":" ","4366":" ","4367":" ","4368":" ","4369":" ","4370":" ","4371":" ","4372":" ","4373":" ","4374":" ","4375":"<","4376":"p","4377":" ","4378":"c","4379":"l","4380":"a","4381":"s","4382":"s","4383":"=","4384":"\\","4385":"\"","4386":"t","4387":"e","4388":"x","4389":"t","4390":"-","4391":"s","4392":"m","4393":" ","4394":"t","4395":"e","4396":"x","4397":"t","4398":"-","4399":"g","4400":"r","4401":"a","4402":"y","4403":"-","4404":"6","4405":"0","4406":"0","4407":"\\","4408":"\"","4409":">","4410":"更","4411":"新","4412":"日","4413":"時","4414":"<","4415":"/","4416":"p","4417":">","4418":"\\","4419":"n","4420":" ","4421":" ","4422":" ","4423":" ","4424":" ","4425":" ","4426":" ","4427":" ","4428":" ","4429":" ","4430":" ","4431":" ","4432":" ","4433":" ","4434":"<","4435":"p","4436":" ","4437":"c","4438":"l","4439":"a","4440":"s","4441":"s","4442":"=","4443":"\\","4444":"\"","4445":"t","4446":"e","4447":"x","4448":"t","4449":"-","4450":"l","4451":"g","4452":" ","4453":"f","4454":"o","4455":"n","4456":"t","4457":"-","4458":"m","4459":"e","4460":"d","4461":"i","4462":"u","4463":"m","4464":" ","4465":"t","4466":"e","4467":"x","4468":"t","4469":"-","4470":"g","4471":"r","4472":"a","4473":"y","4474":"-","4475":"9","4476":"0","4477":"0","4478":"\\","4479":"\"","4480":">","4481":"{","4482":"{","4483":" ","4484":"f","4485":"o","4486":"r","4487":"m","4488":"a","4489":"t","4490":"D","4491":"a","4492":"t","4493":"e","4494":"(","4495":"a","4496":"c","4497":"c","4498":"o","4499":"u","4500":"n","4501":"t","4502":"D","4503":"a","4504":"t","4505":"a","4506":".","4507":"u","4508":"s","4509":"e","4510":"r","4511":".","4512":"u","4513":"p","4514":"d","4515":"a","4516":"t","4517":"e","4518":"d","4519":"A","4520":"t","4521":")","4522":" ","4523":"}","4524":"}","4525":"<","4526":"/","4527":"p","4528":">","4529":"\\","4530":"n","4531":" ","4532":" ","4533":" ","4534":" ","4535":" ","4536":" ","4537":" ","4538":" ","4539":" ","4540":" ","4541":" ","4542":" ","4543":"<","4544":"/","4545":"d","4546":"i","4547":"v","4548":">","4549":"\\","4550":"n","4551":" ","4552":" ","4553":" ","4554":" ","4555":" ","4556":" ","4557":" ","4558":" ","4559":" ","4560":" ","4561":"<","4562":"/","4563":"d","4564":"i","4565":"v","4566":">","4567":"\\","4568":"n","4569":" ","4570":" ","4571":" ","4572":" ","4573":" ","4574":" ","4575":" ","4576":" ","4577":"<","4578":"/","4579":"d","4580":"i","4581":"v","4582":">","4583":"\\","4
[...]
,"4101":"=","4102":"\\","4103":"\"","4104":"0","4105":" ","4106":"0","4107":" ","4108":"2","4109":"0","4110":" ","4111":"2","4112":"0","4113":"\\","4114":"\"","4115":">","4116":"\\","4117":"n","4118":" ","4119":" ","4120":" ","4121":" ","4122":" ","4123":" ","4124":" ","4125":" ","4126":" ","4127":" ","4128":" ","4129":" ","4130":" ","4131":" ","4132":" ","4133":" ","4134":"<","4135":"p","4136":"a","4137":"t","4138":"h","4139":" ","4140":"f","4141":"i","4142":"l","4143":"l","4144":"-","4145":"r","4146":"u","4147":"l","4148":"e","4149":"=","4150":"\\","4151":"\"","4152":"e","4153":"v","4154":"e","4155":"n","4156":"o","4157":"d","4158":"d","4159":"\\","4160":"\"","4161":" ","4162":"d","4163":"=","4164":"\\","4165":"\"","4166":"M","4167":"1","4168":"8","4169":" ","4170":"1","4171":"0","4172":"a","4173":"8","4174":" ","4175":"8","4176":" ","4177":"0","4178":" ","4179":"1","4180":"1","4181":"-","4182":"1","4183":"6","4184":" ","4185":"0","4186":" ","4187":"8","4188":" ","4189":"8","4190":" ","4191":"0","4192":" ","4193":"0","4194":"1","4195":"1","4196":"6","4197":" ","4198":"0","4199":"z","4200":"m","4201":"-","4202":"7","4203":"-","4204":"4","4205":"a","4206":"1","4207":" ","4208":"1","4209":" ","4210":"0","4211":" ","4212":"1","4213":"1","4214":"-","4215":"2","4216":" ","4217":"0","4218":" ","4219":"1","4220":" ","4221":"1","4222":" ","4223":"0","4224":" ","4225":"0","4226":"1","4227":"2","4228":" ","4229":"0","4230":"z","4231":"M","4232":"9","4233":" ","4234":"9","4235":"a","4236":"1","4237":" ","4238":"1","4239":" ","4240":"0","4241":" ","4242":"0","4243":"0","4244":"0","4245":" ","4246":"2","4247":"v","4248":"3","4249":"a","4250":"1","4251":" ","4252":"1","4253":" ","4254":"0","4255":" ","4256":"0","4257":"0","4258":"1","4259":" ","4260":"1","4261":"h","4262":"1","4263":"a","4264":"1","4265":" ","4266":"1","4267":" ","4268":"0","4269":" ","4270":"1","4271":"0","4272":"0","4273":"-","4274":"2","4275":"v","4276":"-","4277":"3","4278":"a","4279":"1","4280":" ","4281":"1","4282":" ","4283":"0","4284":" ","4285":"0","4286":"0","4287":"-","4288":"1","4289":"-","4290":"1","4291":"H","4292":"9","4293":"z","4294":"\\","4295":"\"","4296":" ","4297":"c","4298":"l","4299":"i","4300":"p","4301":"-","4302":"r","4303":"u","4304":"l","4305":"e","4306":"=","4307":"\\","4308":"\"","4309":"e","4310":"v","4311":"e","4312":"n","4313":"o","4314":"d","4315":"d","4316":"\\","4317":"\"","4318":" ","4319":"/","4320":">","4321":"\\","4322":"n","4323":" ","4324":" ","4325":" ","4326":" ","4327":" ","4328":" ","4329":" ","4330":" ","4331":" ","4332":" ","4333":" ","4334":" ","4335":" ","4336":" ","4337":"<","4338":"/","4339":"s","4340":"v","4341":"g","4342":">","4343":"\\","4344":"n","4345":" ","4346":" ","4347":" ","4348":" ","4349":" ","4350":" ","4351":" ","4352":" ","4353":" ","4354":" ","4355":" ","4356":" ","4357":"<","4358":"/","4359":"d","4360":"i","4361":"v","4362":">","4363":"\\","4364":"n","4365":" ","4366":" ","4367":" ","4368":" ","4369":" ","4370":" ","4371":" ","4372":" ","4373":" ","4374":" ","4375":" ","4376":" ","4377":"<","4378":"d","4379":"i","4380":"v","4381":" ","4382":"c","4383":"l","4384":"a","4385":"s","4386":"s","4387":"=","4388":"\\","4389":"\"","4390":"m","4391":"l","4392":"-","4393":"3","4394":"\\","4395":"\"","4396":">","4397":"\\","4398":"n","4399":" ","4400":" ","4401":" ","4402":" ","4403":" ","4404":" ","4405":" ","4406":" ","4407":" ","4408":" ","4409":" ","4410":" ","4411":" ","4412":" ","4413":"<","4414":"p","4415":" ","4416":"c","4417":"l","4418":"a","4419":"s","4420":"s","4421":"=","4422":"\\","4423":"\"","4424":"t","4425":"e","4426":"x","4427":"t","4428":"-","4429":"s","4430":"m","4431":" ","4432":"t","4433":"e","4434":"x","4435":"t","4436":"-","4437":"b","4438":"l","4439":"u","4440":"e","4441":"-","4442":"7","4443":"0","4444":"0","4445":"\\","4446":"\"","4447":">","4448":"\\","4449":"n","4450":" ","4451":" ","4452":" ","4453":" ","4454":" ","4455":" ","4456":" ","4457":" ","4458":" ","4459":" ","4460":" ","4461":" ","4462":" ","4463":" ","4464":" ","4465":" ","4466":"ポ","4467":"イ","4468":"ン","4469":"ト","4470":"は","4471":"様","4472":"々","4473":"な","4474":"サ","4475":"ー","4476":"ビ","4477":"ス","4478":"で","4479":"ご","4480":"利","4481":"用","4482":"い","4483":"た","4484":"だ","4485":"け","4486":"ま","4487":"す","4488":"。","4489":"\\","4490":"n","4491":" ","4492":" ","4493":" ","4494":" ","4495":" ","4496":" ","4497":" ","4498":" ","4499":" ","4500":" ","4501":" ","4502":" ","4503":" ","4504":" ","4505":"<","4506":"/","4507":"p","4508":">","4509":"\\","4510":"n","4511":" ","4512":" ","4513":" ","4514":" ","4515":" ","4516":" ","4517":" ","4518":" ","4519":" ","4520":" ","4521":" ","4522":" ","4523":"<","4524":"/","4525":"d","4526":"i","4527":"v","4528":">","4529":"\\","4530":"n","4531":" ","4532":" ","4533":" ","4534":" ","4535":" ","4536":" ","4537":" ","4538":" ","4539":" ","4540":" ","4541":"<","4542":"/","4543":"d","4544":"i","4545":"v","4546":">","4547":"\\","4548":"n","4549":" ","4550":" ","4551":" ","4552":" ","4553":" ","4554":" ","4555":" ","4556":" ","4557":"<","4558":"/","4559":"d","4560":"i","4561":"v","4562":">","4563":"\\","4564":"n","4565":" ","4566":" ","4567":" ","4568":" ","4569":" ","4570":" ","4571":"<","4572":"/","4573":"d","4574":"i","4575":"v","4576":">","4577":"\\","4578":"n","4579":" ","4580":" ","4581":" ","4582":" ","4583":"<","4584":"/","4585":"m","4586":"a","4587":"i","4588":"n","4589":">","4590":"\\","4591":"n","4592":" ","4593":" ","4594":"<","4595":"/","4596":"d","4597":"i","4598":"v","4599":">","4600":"\\","4601":"n","4602":"<","4603":"/","4604":"t","4605":"e","4606":"m","4607":"p","4608":"l","4609":"a","4610":"t","4611":"e","4612":">","4613":"\\","4614":"n","4615":"\\","4616":"n","4617":"<","4618":"s","4619":"c","4620":"r","4621":"i","4622":"p","4623":"t","4624":">","4625":"\\","4626":"n","4627":"i","4628":"m","4629":"p","4630":"o","4631":"r","4632":"t","4633":" ","4634":"{","4635":" ","4636":"r","4637":"e","4638":"f","4639":",","4640":" ","4641":"o","4642":"n","4643":"M","4644":"o","4645":"u","4646":"n","4647":"t","4648":"e","4649":"d","4650":" ","4651":"}","4652":" ","4653":"f","4654":"r","4655":"o","4656":"m","4657":" ","4658":"'","4659":"v","4660":"u","4661":"e","4662":"'","4663":"\\","4664":"n","4665":"i","4666":"m","4667":"p","4668":"o","4669":"r","4670":"t","4671":" ","4672":"{","4673":" ","4674":"u","4675":"s","4676":"e","4677":"R","4678":"o","4679":"u","4680":"t","4681":"e","4682":"r","4683":" ","4684":"}","4685":" ","4686":"f","4687":"r","4688":"o","4689":"m","4690":" ","4691":"'","4692":"v","4693":"u","4694":"e","4695":"-","4696":"r","4697":"o","4698":"u","4699":"t","4700":"e","4701":"r","4702":"'","4703":"\\","4704":"n","4705":"i","4706":"m","4707":"p","4708":"o","4709":"r","4710":"t","4711":" ","4712":"{","4713":" ","4714":"a","4715":"u","4716":"t","4717":"h","4718":"S","4719":"e","4720":"r","4721":"v","4722":"i","4723":"c","4724":"e","4725":" ","4726":"}","4727":" ","4728":"f","4729":"r","4730":"o","4731":"m","4732":" ","4733":"'","4734":".","4735":".","4736":"/","4737":"s","4738":"e","4739":"r","4740":"v","4741":"i","4742":"c","4743":"e","4744":"s","4745":"/","4746":"a","4747":"p","4748":"i","4749":"'","4750":"\\","4751":"n","4752":"i","4753":"m","4754":"p","4755":"o","4756":"r","4757":"t","4758":" ","4759":"{","4760":" ","4761":"p","4762":"o","4763":"i","4764":"n","4765":"t","4766":"A","4767":"p","4768":"i","4769":" ","4770":"}","4771":" ","4772":"f","4773":"r","4774":"o","4775":"m","4776":" ","4777":"'","4778":".","4779":".","4780":"/","4781":"s","4782":"e","4783":"r","4784":"v","4785":"i","4786":"c","4787":"e","4788":"s","4789":"/","4790":"p","4791":"o","4792":"i","4793":"n","4794":"t","4795":"A","4796":"p","4797":"i","4798":"'","4799":"\\","4800":"n","4801":"\\","4802":"n","4803":"e","4804":"x","4805":"p","4806":"o","4807":"r","4808":"t","4809":" ","4810":"d","4811":"e","4812":"f","4813":"a","4814":"u","4815":"l","4816":"t","4817":" ","4818":"{","4819":"\\","4820":"n","4821":" ","4822":" ","4823":"n","4824":"a","4825":"m","4826":"e","4827":":","4828":" ","4829":"'","4830":"P","4831":"o","4832":"i","4833":"n","4834":"t","4835":"V","4836":"i","4837":"e","4838":"w","4839":"'","4840":",","4841":"\\","4842":"n","4843":" ","4844":" ","4845":"s","4846":"e","4847":"t","4848":"u","4849":"p","4850":"(","4851":")","4852":" ","4853":"{","4854":"\\","4855":"n","4856":" ","4857":" ","4858":" ","4859":" ","4860":"c","4861":"o","4862":"n","4863":"s","4864":"t","4865":" ","4866":"r","4867":"o","4868":"u","4869":"t","4870":"e","4871":"r","4872":" ","4873":"=","4874":" ","4875":"u","4876":"s","4877":"e","4878":"R","4879":"o","4880":"u","4881":"t","4882":"e","4883":"r","4884":"(","4885":")","4886":"\\","4887":"n","4888":" ","4889":" ","4890":" ","4891":" ","4892":"c","4893":"o","4894":"n","4895":"s","4896":"t","4897":" ","4898":"p","4899":"o","4900":"i","4901":"n","4902":"t","4903":"D","4904":"a","4905":"t","4906":"a","4907":" ","4908":"=","4909":" ","4910":"r","4911":"e","4912":"f","4913":"(","4914":"n","4915":"u","4916":"l","4917":"l","4918":")","4919":"\\","4920":"n","4921":" ","4922":" ","4923":" ","4924":" ","4925":"c","4926":"o","4927":"n","4928":"s","4929":"t","4930":" ","4931":"l","4932":"o","4933":"a","4934":"d","4935":"i","4936":"n","4937":"g","4938":" ","4939":"=","4940":" ","4941":"r","4942":"e","4943":"f","4944":"(","4945":"t","4946":"r","4947":"u","4948":"e","4949":")","4950":"\\","4951":"n","4952":" ","4953":" ","4954":" ","4955":" ","4956":"c","4957":"o","4958":"n","4959":"s","4960":"t","4961":" ","4962":"e","4963":"r","4964":"r","4965":"o","4966":"r","4967":"M","4968":"e","4969":"s","4970":"s","4971":"a","4972":"g","4973":"e","4974":" ","4975":"=","4976":" ","4977":"r","4978":"e","4979":"f","4980":"(","4981":"'","4982":"'","4983":")","4984":"\\","4985":"n","4986":"\\","4987":"n","4988":" ","4989":" ","4990":" ","4991":" ","4992":"c","4993":"o","4994":"n","4995":"s","4996":"t","4997":" ","4998":"l","4999":"o","5000":"a","5001":"d","5002":"P","5003":"o","5004":"i","5005":"n","5006":"t","5007":"D","5008":"a","5009":"t","5010":"a","5011":" ","5012":"=","5013":" ","5014":"a","5015":"s","5016":"y","5017":"n","5018":"c","5019":" ","5020":"(","5021":")","5022":" ","5023":"=","5024":">","5025":" ","5026":"{","5027":"\\","5028":"n","5029":" ","5030":" ","5031":" ","5032":" ","5033":" ","5034":" ","5035":"l","5036":"o","5037":"a","5038":"d","5039":"i","5040":"n","5041":"g","5042":".","5043":"v","5044":"a","5045":"l","5046":"u","5047":"e","5048":" ","5049":"=","5050":" ","5051":"t","5052":"r","5053":"u","5054":"e","5055":"\\","5056":"n","5057":" ","5058":" ","5059":" ","5060":" ","5061":" ","5062":" ","5063":"e","5064":"r","5065":"r","5066":"o","5067":"r","5068":"M","5069":"e","5070":"s","5071":"s","5072":"a","5073":"g","5074":"e","5075":".","5076":"v","5077":"a","5078":"l","5079":"u","5080":"e","5081":" ","5082":"=","5083":" ","5084":"'","5085":"'","5086":"\\","5087":"n","5088":"\\","5089":"n","5090":" ","5091":" ","5092":" ","5093":" ","5094":" ","5095":" ","5096":"t","5097":"r","5098":"y","5099":" ","5100":"{","5101":"\\","5102":"n","5103":" ","5104":" ","5105":" ","5106":" ","5107":" ","5108":" ","5109":" ","5110":" ","5111":"c","5112":"o","5113":"n","5114":"s","5115":"t","5116":" ","5117":"d","5118":"a","5119":"t","5120":"a","5121":" ","5122":"=","5123":" ","5124":"a","5125":"w","5126":"a","5127":"i","5128":"t","5129":" ","5130":"p","5131":"o","5132":"i","5133":"n","5134":"t","5135":"A","5136":"p","5137":"i","5138":".","5139":"g","5140":"e","5141":"t","5142":"P","5143":"o","5144":"i","5145":"n","5146":"t","5147":"s","5148":"(","5149":")","5150":"\\","5151":"n","5152":" ","5153":" ","5154":" ","5155":" ","5156":" ","5157":" ","5158":" ","5159":" ","5160":"p","5161":"o","5162":"i","5163":"n","5164":"t","5165":"D","5166":"a","5167":"t","5168":"a","5169":".","5170":"v","5171":"a","5172":"l","5173":"u","5174":"e","5175":" ","5176":"=","5177":" ","5178":"d","5179":"a","5180":"t","5181":"a","5182":"\\","5183":"n","5184":" ","5185":" ","5186":" ","5187":" ","5188":" ","5189":" ","5190":"}","5191":" ","5192":"c","5193":"a","5194":"t","5195":"c","5196":"h","5197":" ","5198":"(","5199":"e","5200":"r","5201":"r","5202":"o","5203":"r","5204":")","5205":" ","5206":"{","5207":"\\","5208":"n","5209":" ","5210":" ","5211":" ","5212":" ","5213":" ","5214":" ","5215":" ","5216":" ","5217":"i","5218":"f","5219":" ","5220":"(","5221":"e","5222":"r","5223":"r","5224":"o","5225":"r","5226":".","5227":"r","5228":"e","5229":"s","5230":"p","5231":"o","5232":"n","5233":"s","5234":"e","5235":"?","5236":".","5237":"s","5238":"t","5239":"a","5240":"t","5241":"u","5242":"s","5243":" ","5244":"=","5245":"=","5246":"=","5247":" ","5248":"5","5249":"0","5250":"3","5251":")","5252":" ","5253":"{","5254":"\\","5255":"n","5256":" ","5257":" ","5258":" ","5259":" ","5260":" ","5261":" ","5262":" ","5263":" ","5264":" ","5265":" ","5266":"e","5267":"r","5268":"r","5269":"o","5270":"r","5271":"M","5272":"e","5273":"s","5274":"s","5275":"a","5276":"g","5277":"e","5278":".","5279":"v","5280":"a","5281":"l","5282":"u","5283":"e","5284":" ","5285":"=","5286":" ","5287":"'","5288":"ポ","5289":"イ","5290":"ン","5291":"ト","5292":"サ","5293":"ー","5294":"ビ","5295":"ス","5296":"が","5297":"一","5298":"時","5299":"的","5300":"に","5301":"利","5302":"用","5303":"で","5304":"き","5305":"ま","5306":"せ","5307":"ん","5308":"。","5309":"し","5310":"ば","5311":"ら","5312":"く","5313":"し","5314":"て","5315":"か","5316":"ら","5317":"お","5318":"試","5319":"し","5320":"く","5321":"だ","5322":"さ","5323":"い","5324":"。","5325":"'","5326":"\\","5327":"n","5328":" ","5329":" ","5330":" ","5331":" ","5332":" ","5333":" ","5334":" ","5335":" ","5336":"}","5337":" ","5338":"e","5339":"l","5340":"s","5341":"e","5342":" ","5343":"{","5344":"\\","5345":"n","5346":" ","5347":" ","5348":" ","5349":" ","5350":" ","5351":" ","5352":" ","5353":" ","5354":" ","5355":" ","5356":"e","5357":"r","5358":"r","5359":"o","5360":"r","5361":"M","5362":"e","5363":"s","5364":"s","5365":"a","5366":"g","5367":"e","5368":".","5369":"v","5370":"a","5371":"l","5372":"u","5373":"e","5374":" ","5375":"=","5376":" ","5377":"e","5378":"r","5379":"r","5380":"o","5381":"r","5382":".","5383":"r","5384":"e","5385":"s","5386":"p","5387":"o","5388":"n","5389":"s","5390":"e","5391":"?","5392":".","5393":"d","5394":"a","5395":"t","5396":"a","5397":"?","5398":".","5399":"e","5400":"r","5401":"r","5402":"o","5403":"r","5404":" ","5405":"|","5406":"|","5407":" ","5408":"'","5409":"ポ","5410":"イ","5411":"ン","5412":"ト","5413":"情","5414":"報","5415":"の","5416":"取","5417":"得","5418":"に","5419":"失","5420":"敗","5421":"し","5422":"ま","5423":"し","5424":"た","5425":"'","5426":"\\","5427":"n","5428":" ","5429":" ","5430":" ","5431":" ","5432":" ","5433":" ","5434":" ","5435":" ","5436":"}","5437":"\\","5438":"n","5439":" ","5440":" ","5441":" ","5442":" ","5443":" ","5444":" ","5445":"}","5446":" ","5447":"f","5448":"i","5449":"n","5450":"a","5451":"l","5452":"l","5453":"y","5454":" ","5455":"{","5456":"\\","5457":"n","5458":" ","5459":" ","5460":" ","5461":" ","5462":" ","5463":" ","5464":" ","5465":" ","5466":"l","5467":"o","5468":"a","5469":"d","5470":"i","5471":"n","5472":"g","5473":".","5474":"v","5475":"a","5476":"l","5477":"u","5478":"e","5479":" ","5480":"=","5481":" ","5482":"f","5483":"a","5484":"l","5485":"s","5486":"e","5487":"\\","5488":"n","5489":" ","5490":" ","5491":" ","5492":" ","5493":" ","5494":" ","5495":"}","5496":"\\","5497":"n","5498":" ","5499":" ","5500":" ","5501":" ","5502":"}","5503":"\\","5504":"n","5505":"\\","5506":"n","5507":" ","5508":" ","5509":" ","5510":" ","5511":"c","5512":"o","5513":"n","5514":"s","5515":"t","5516":" ","5517":"h","5518":"a","5519":"n","5520":"d","5521":"l","5522":"e","5523":"L","5524":"o","5525":"g","5526":"o","5527":"u","5528":"t","5529":" ","5530":"=","5531":" ","5532":"a","5533":"s","5534":"y","5535":"n","5536":"c","5537":" ","5538":"(","5539":")","5540":" ","5541":"=","5542":">","5543":" ","5544":"{","5545":"\\","5546":"n","5547":" ","5548":" ","5549":" ","5550":" ","5551":" ","5552":" ","5553":"t","5554":"r","5555":"y","5556":" ","5557":"{","5558":"\\","5559":"n","5560":" ","5561":" ","5562":" ","5563":" ","5564":" ","5565":" ","5566":" ","5567":" ","5568":"a","5569":"w","5570":"a","5571":"i","5572":"t","5573":" ","5574":"a","5575":"u","5576":"t","5577":"h","5578":"S","5579":"e","5580":"r","5581":"v","5582":"i","5583":"c","5584":"e","5585":".","5586":"l","5587":"o","5588":"g","5589":"o","5590":"u","5591":"t","5592":"(","5593":")","5594":"\\","5595":"n","5596":" ","5597":" ","5598":" ","5599":" ","5600":" ","5601":" ","5602":"}","5603":" ","5604":"c","5605":"a","5606":"t","5607":"c","5608":"h","5609":" ","5610":"(","5611":"e","5612":"r","5613":"r","5614":"o","5615":"r","5616":")","5617":" ","5618":"{","5619":"\\","5620":"n","5621":" ","5622":" ","5623":" ","5624":" ","5625":" ","5626":" ","5627":" ","5628":" ","5629":"c","5630":"o","5631":"n","5632":"s","5633":"o","5634":"l","5635":"e","5636":".","5637":"e","5638":"r","5639":"r","5640":"o","5641":"r","5642":"(","5643":"'","5644":"L","5645":"o","5646":"g","5647":"o","5648":"u","5649":"t","5650":" ","5651":"e","5652":"r","5653":"r","5654":"o","5655":"r","5656":":","5657":"'","5658":",","5659":" ","5660":"e","5661":"r","5662":"r","5663":"o","5664":"r","5665":")","5666":"\\","5667":"n","5668":" ","5669":" ","5670":" ","5671":" ","5672":" ","5673":" ","5674":"}","5675":" ","5676":"f","5677":"i","5678":"n","5679":"a","5680":"l","5681":"l","5682":"y","5683":" ","5684":"{","5685":"\\","5686":"n","5687":" ","5688":" ","5689":" ","5690":" ","5691":" ","5692":" ","5693":" ","5694":" ","5695":"r","5696":"o","5697":"u","5698":"t","5699":"e","5700":"r","5701":".","5702":"p","5703":"u","5704":"s","5705":"h","5706":"(","5707":"'","5708":"/","5709":"l","5710":"o","5711":"g","5712":"i","5713":"n","5714":"'","5715":")","5716":"\\","5717":"n","5718":" ","5719":" ","5720":" ","5721":" ","5722":" ","5723":" ","5724":"}","5725":"\\","5726":"n","5727":" ","5728":" ","5729":" ","5730":" ","5731":"}","5732":"\\","5733":"n","5734":"\\","5735":"n","5736":" ","5737":" ","5738":" ","5739":" ","5740":"o","5741":"n","5742":"M","5743":"o","5744":"u","5745":"n","5746":"t","5747":"e","5748":"d","5749":"(","5750":"(","5751":")","5752":" ","5753":"=","5754":">","5755":" ","5756":"{","5757":"\\","5758":"n","5759":" ","5760":" ","5761":" ","5762":" ","5763":" ","5764":" ","5765":"l","5766":"o","5767":"a","5768":"d","5769":"P","5770":"o","5771":"i","5772":"n","5773":"t","5774":"D","5775":"a","5776":"t","5777":"a","5778":"(","5779":")","5780":"\\","5781":"n","5782":" ","5783":" ","5784":" ","5785":" ","5786":"}","5787":")","5788":"\\","5789":"n","5790":"\\","5791":"n","5792":" ","5793":" ","5794":" ","5795":" ","5796":"r","5797":"e","5798":"t","5799":"u","5800":"r","5801":"n","5802":" ","5803":"{","5804":"\\","5805":"n","5806":" ","5807":" ","5808":" ","5809":" ","5810":" ","5811":" ","5812":"p","5813":"o","5814":"i","5815":"n","5816":"t","5817":"D","5818":"a","5819":"t","5820":"a","5821":",","5822":"\\","5823":"n","5824":" ","5825":" ","5826":" ","5827":" ","5828":" ","5829":" ","5830":"l","5831":"o","5832":"a","5833":"d","5834":"i","5835":"n","5836":"g","5837":",","5838":"\\","5839":"n","5840":" ","5841":" ","5842":" ","5843":" ","5844":" ","5845":" ","5846":"e","5847":"r","5848":"r","5849":"o","5850":"r","5851":"M","5852":"e","5853":"s","5854":"s","5855":"a","5856":"g","5857":"e","5858":",","5859":"\\","5860":"n","5861":" ","5862":" ","5863":" ","5864":" ","5865":" ","5866":" ","5867":"h","5868":"a","5869":"n","5870":"d","5871":"l","5872":"e","5873":"L","5874":"o","5875":"g","5876":"o","5877":"u","5878":"t","5879":"\\","5880":"n","5881":" ","5882":" ","5883":" ","5884":" ","5885":"}","5886":"\\","5887":"n","5888":" ","5889":" ","5890":"}","5891":"\\","5892":"n","5893":"}","5894":"\\","5895":"n","5896":"<","5897":"/","5898":"s","5899":"c","5900":"r","5901":"i","5902":"p","5903":"t","5904":">","5905":"\\","5906":"n","5907":"\"","5908":"]","5909":"}"}}
}
