<?xml version="1.0" encoding="UTF-8"?>
<testsuite xmlns:xsi="http://www.w3.org/2001/XMLSchema-instance" xsi:noNamespaceSchemaLocation="https://maven.apache.org/surefire/maven-failsafe-plugin/xsd/failsafe-test-report.xsd" name="com.example.microservices.auth.repository.AuthRepositoryIT" time="7.245" tests="13" errors="0" skipped="0" failures="0">
  <properties>
[...]
</properties>
  <testcase name="testGetUserIdByUsername" classname="com.example.microservices.auth.repository.AuthRepositoryIT" time="0.021"/>
  <testcase name="testGetUserIdByUsernameNotFound" classname="com.example.microservices.auth.repository.AuthRepositoryIT" time="0.01"/>
  <testcase name="testGetUsernameByUserId" classname="com.example.microservices.auth.repository.AuthRepositoryIT" time="0.009"/>
  <testcase name="testGetUsernameByUserIdNotFound" classname="com.example.microservices.auth.repository.AuthRepositoryIT" time="0.008"/>
  <testcase name="testGetPasswordHash" classname="com.example.microservices.auth.repository.AuthRepositoryIT" time="0.01"/>
  <testcase name="testGetPasswordHashNotFound" classname="com.example.microservices.auth.repository.AuthRepositoryIT" time="0.009"/>
  <testcase name="testVerifyCredentials" classname="com.example.microservices.auth.repository.AuthRepositoryIT" time="0.023"/>
  <testcase name="testCreateSessionToken" classname="com.example.microservices.auth.repository.AuthRepositoryIT" time="0.014"/>
  <testcase name="testFindSessionByToken" classname="com.example.microservices.auth.repository.AuthRepositoryIT" time="0.01"/>
  <testcase name="testFindSessionByTokenNotFound" classname="com.example.microservices.auth.repository.AuthRepositoryIT" time="0.01"/>
  <testcase name="testDeleteSession" classname="com.example.microservices.auth.repository.AuthRepositoryIT" time="0.042"/>
  <testcase name="testRecordLoginHistory" classname="com.example.microservices.auth.repository.AuthRepositoryIT" time="0.015"/>
  <testcase name="testCleanupExpiredSessions" classname="com.example.microservices.auth.repository.AuthRepositoryIT" time="0.028"/>
</testsuite>