TN:
SF:src/App.vue
FN:22,render
FNF:1
FNH:1
FNDA:3,render
DA:4,1
DA:7,1
DA:8,1
DA:11,1
DA:13,1
DA:16,1
DA:17,1
DA:18,1
DA:23,3
DA:24,3
DA:25,1
LF:11
LH:11
BRF:0
BRH:0
end_of_record
TN:
SF:src/router.js
FN:43,(anonymous_0)
FNF:1
FNH:0
FNDA:0,(anonymous_0)
DA:7,0
DA:37,0
DA:43,0
DA:44,0
DA:46,0
DA:47,0
DA:49,0
LF:7
LH:0
BRDA:46,0,0,0
BRDA:46,0,1,0
BRDA:46,1,0,0
BRDA:46,1,1,0
BRF:4
BRH:0
end_of_record
TN:
SF:src/services/api.js
FN:15,(anonymous_0)
FN:22,(anonymous_1)
FN:29,(anonymous_2)
FN:30,(anonymous_3)
FN:48,isValidUUID
FN:58,(anonymous_5)
FN:79,(anonymous_6)
FN:91,(anonymous_7)
FN:101,(anonymous_8)
FN:110,(anonymous_9)
FNF:10
FNH:0
FNDA:0,(anonymous_0)
FNDA:0,(anonymous_1)
FNDA:0,(anonymous_2)
FNDA:0,(anonymous_3)
FNDA:0,isValidUUID
FNDA:0,(anonymous_5)
FNDA:0,(anonymous_6)
FNDA:0,(anonymous_7)
FNDA:0,(anonymous_8)
FNDA:0,(anonymous_9)
DA:3,0
DA:6,0
DA:14,0
DA:16,0
DA:17,0
DA:18,0
DA:20,0
DA:23,0
DA:28,0
DA:29,0
DA:31,0
DA:33,0
DA:34,0
DA:36,0
DA:37,0
DA:38,0
DA:41,0
DA:49,0
DA:50,0
DA:53,0
DA:60,0
DA:62,0
DA:66,0
DA:67,0
DA:69,0
DA:72,0
DA:73,0
DA:80,0
DA:81,0
DA:83,0
DA:84,0
DA:92,0
DA:93,0
DA:97,0
DA:102,0
DA:103,0
DA:111,0
DA:112,0
DA:114,0
DA:115,0
LF:40
LH:0
BRDA:17,0,0,0
BRDA:17,0,1,0
BRDA:31,1,0,0
BRDA:31,1,1,0
BRDA:34,2,0,0
BRDA:34,2,1,0
BRDA:34,3,0,0
BRDA:34,3,1,0
BRDA:66,4,0,0
BRDA:66,4,1,0
BRDA:111,5,0,0
BRDA:111,5,1,0
BRF:12
BRH:0
end_of_record
TN:
SF:src/services/pointApi.js
FN:8,(anonymous_0)
FN:19,(anonymous_1)
FNF:2
FNH:0
FNDA:0,(anonymous_0)
FNDA:0,(anonymous_1)
DA:3,0
DA:9,0
DA:10,0
DA:20,0
DA:21,0
LF:5
LH:0
BRDA:19,0,0,0
BRDA:19,1,0,0
BRF:2
BRH:0
end_of_record
TN:
SF:src/views/AccountView.vue
FN:6,(anonymous_0)
FN:11,(anonymous_1)
FN:23,(anonymous_2)
FN:32,(anonymous_3)
FN:43,(anonymous_4)
FN:62,_toConsumableArray
FN:63,_nonIterableSpread
FN:64,_unsupportedIterableToArray
FN:65,_iterableToArray
FN:66,_arrayWithoutHoles
FN:67,_arrayLikeToArray
FN:120,render
FN:129,(anonymous_12)
FN:134,(anonymous_13)
FNF:14
FNH:0
FNDA:0,(anonymous_0)
FNDA:0,(anonymous_1)
FNDA:0,(anonymous_2)
FNDA:0,(anonymous_3)
FNDA:0,(anonymous_4)
FNDA:0,_toConsumableArray
FNDA:0,_nonIterableSpread
FNDA:0,_unsupportedIterableToArray
FNDA:0,_iterableToArray
FNDA:0,_arrayWithoutHoles
FNDA:0,_arrayLikeToArray
FNDA:0,render
FNDA:0,(anonymous_12)
FNDA:0,(anonymous_13)
DA:7,0
DA:8,0
DA:9,0
DA:10,0
DA:11,0
DA:12,0
DA:13,0
DA:14,0
DA:15,0
DA:16,0
DA:18,0
DA:20,0
DA:23,0
DA:24,0
DA:25,0
DA:27,0
DA:29,0
DA:32,0
DA:33,0
DA:34,0
DA:35,0
DA:43,0
DA:44,0
DA:46,0
DA:55,0
DA:57,0
DA:60,0
DA:61,0
DA:62,0
DA:63,0
DA:64,0
DA:65,0
DA:66,0
DA:67,0
DA:68,0
DA:71,0
DA:74,0
DA:77,0
DA:80,0
DA:83,0
DA:87,0
DA:91,0
DA:95,0
DA:98,0
DA:102,0
DA:105,0
DA:108,0
DA:111,0
DA:114,0
DA:117,0
DA:122,0
DA:123,0
DA:130,0
DA:135,0
DA:165,0
LF:55
LH:0
BRDA:18,0,0,0
BRDA:18,0,1,0
BRDA:33,1,0,0
BRDA:33,1,1,0
BRDA:62,2,0,0
BRDA:62,2,1,0
BRDA:62,2,2,0
BRDA:62,2,3,0
BRDA:64,3,0,0
BRDA:64,3,1,0
BRDA:64,4,0,0
BRDA:64,4,1,0
BRDA:64,5,0,0
BRDA:64,5,1,0
BRDA:64,5,2,0
BRDA:64,6,0,0
BRDA:64,6,1,0
BRDA:64,7,0,0
BRDA:64,7,1,0
BRDA:64,8,0,0
BRDA:64,8,1,0
BRDA:64,9,0,0
BRDA:64,9,1,0
BRDA:65,10,0,0
BRDA:65,10,1,0
BRDA:65,11,0,0
BRDA:65,11,1,0
BRDA:65,11,2,0
BRDA:66,12,0,0
BRDA:66,12,1,0
BRDA:67,13,0,0
BRDA:67,13,1,0
BRDA:67,13,2,0
BRDA:123,14,0,0
BRDA:123,14,1,0
BRDA:130,15,0,0
BRDA:130,15,1,0
BRDA:134,16,0,0
BRDA:134,16,1,0
BRDA:135,17,0,0
BRDA:135,17,1,0
BRDA:138,18,0,0
BRDA:138,18,1,0
BRDA:138,19,0,0
BRDA:138,19,1,0
BRDA:140,20,0,0
BRDA:140,20,1,0
BRDA:140,21,0,0
BRDA:140,21,1,0
BRDA:152,22,0,0
BRDA:152,22,1,0
BRDA:152,23,0,0
BRDA:152,23,1,0
BRDA:152,23,2,0
BRDA:152,24,0,0
BRDA:152,24,1,0
BRDA:154,25,0,0
BRDA:154,25,1,0
BRDA:156,26,0,0
BRDA:156,26,1,0
BRDA:158,27,0,0
BRDA:158,27,1,0
BRDA:160,28,0,0
BRDA:160,28,1,0
BRDA:162,29,0,0
BRDA:162,29,1,0
BRDA:164,30,0,0
BRDA:164,30,1,0
BRF:68
BRH:0
end_of_record
TN:
SF:src/views/LoginView.vue
FN:6,(anonymous_0)
FN:12,(anonymous_1)
FN:94,render
FN:98,(anonymous_3)
FN:107,(anonymous_4)
FN:119,(anonymous_5)
FNF:6
FNH:0
FNDA:0,(anonymous_0)
FNDA:0,(anonymous_1)
FNDA:0,render
FNDA:0,(anonymous_3)
FNDA:0,(anonymous_4)
FNDA:0,(anonymous_5)
DA:7,0
DA:8,0
DA:9,0
DA:10,0
DA:11,0
DA:12,0
DA:13,0
DA:14,0
DA:15,0
DA:16,0
DA:17,0
DA:18,0
DA:23,0
DA:25,0
DA:26,0
DA:27,0
DA:28,0
DA:29,0
DA:32,0
DA:33,0
DA:34,0
DA:36,0
DA:37,0
DA:40,0
DA:41,0
DA:46,0
DA:48,0
DA:49,0
DA:50,0
DA:51,0
DA:52,0
DA:53,0
DA:54,0
DA:56,0
DA:58,0
DA:59,0
DA:61,0
DA:64,0
DA:67,0
DA:76,0
DA:78,0
DA:81,0
DA:82,0
DA:83,0
DA:86,0
DA:89,0
DA:93,0
DA:95,0
DA:99,0
DA:108,0
DA:120,0
DA:137,0
LF:52
LH:0
BRDA:46,0,0,0
BRDA:46,0,1,0
BRDA:49,1,0,0
BRDA:49,1,1,0
BRDA:51,2,0,0
BRDA:51,2,1,0
BRDA:51,3,0,0
BRDA:51,3,1,0
BRDA:53,4,0,0
BRDA:53,4,1,0
BRDA:53,5,0,0
BRDA:53,5,1,0
BRDA:58,6,0,0
BRDA:58,6,1,0
BRDA:95,7,0,0
BRDA:95,7,1,0
BRDA:98,8,0,0
BRDA:98,8,1,0
BRDA:99,9,0,0
BRDA:99,9,1,0
BRDA:102,10,0,0
BRDA:102,10,1,0
BRDA:107,11,0,0
BRDA:107,11,1,0
BRDA:114,12,0,0
BRDA:114,12,1,0
BRDA:119,13,0,0
BRDA:119,13,1,0
BRDA:126,14,0,0
BRDA:126,14,1,0
BRDA:130,15,0,0
BRDA:130,15,1,0
BRDA:130,16,0,0
BRDA:130,16,1,0
BRF:34
BRH:0
end_of_record
TN:
SF:src/views/PointHistoryView.vue
FN:7,(anonymous_0)
FN:14,(anonymous_1)
FN:31,(anonymous_2)
FN:37,(anonymous_3)
FN:46,(anonymous_4)
FN:57,(anonymous_5)
FN:78,_toConsumableArray
FN:79,_nonIterableSpread
FN:80,_unsupportedIterableToArray
FN:81,_iterableToArray
FN:82,_arrayWithoutHoles
FN:83,_arrayLikeToArray
FN:163,render
FN:172,(anonymous_13)
FN:180,(anonymous_14)
FN:185,(anonymous_15)
FN:191,(anonymous_16)
FN:207,(anonymous_17)
FN:213,(anonymous_18)
FNF:19
FNH:0
FNDA:0,(anonymous_0)
FNDA:0,(anonymous_1)
FNDA:0,(anonymous_2)
FNDA:0,(anonymous_3)
FNDA:0,(anonymous_4)
FNDA:0,(anonymous_5)
FNDA:0,_toConsumableArray
FNDA:0,_nonIterableSpread
FNDA:0,_unsupportedIterableToArray
FNDA:0,_iterableToArray
FNDA:0,_arrayWithoutHoles
FNDA:0,_arrayLikeToArray
FNDA:0,render
FNDA:0,(anonymous_13)
FNDA:0,(anonymous_14)
FNDA:0,(anonymous_15)
FNDA:0,(anonymous_16)
FNDA:0,(anonymous_17)
FNDA:0,(anonymous_18)
DA:8,0
DA:9,0
DA:10,0
DA:11,0
DA:12,0
DA:13,0
DA:14,0
DA:15,0
DA:16,0
DA:17,0
DA:18,0
DA:19,0
DA:20,0
DA:22,0
DA:23,0
DA:25,0
DA:28,0
DA:31,0
DA:32,0
DA:33,0
DA:35,0
DA:37,0
DA:38,0
DA:39,0
DA:41,0
DA:43,0
DA:46,0
DA:47,0
DA:48,0
DA:49,0
DA:57,0
DA:58,0
DA:60,0
DA:71,0
DA:73,0
DA:76,0
DA:77,0
DA:78,0
DA:79,0
DA:80,0
DA:81,0
DA:82,0
DA:83,0
DA:84,0
DA:87,0
DA:90,0
DA:93,0
DA:96,0
DA:99,0
DA:103,0
DA:107,0
DA:111,0
DA:114,0
DA:117,0
DA:120,0
DA:123,0
DA:126,0
DA:129,0
DA:132,0
DA:135,0
DA:138,0
DA:141,0
DA:145,0
DA:149,0
DA:152,0
DA:155,0
DA:158,0
DA:159,0
DA:162,0
DA:165,0
DA:166,0
DA:173,0
DA:181,0
DA:186,0
DA:192,0
DA:208,0
DA:214,0
DA:219,0
LF:78
LH:0
BRDA:14,0,0,0
BRDA:22,1,0,0
BRDA:22,1,1,0
BRDA:25,2,0,0
BRDA:25,2,1,0
BRDA:32,3,0,0
BRDA:32,3,1,0
BRDA:32,4,0,0
BRDA:32,4,1,0
BRDA:32,4,2,0
BRDA:47,5,0,0
BRDA:47,5,1,0
BRDA:78,6,0,0
BRDA:78,6,1,0
BRDA:78,6,2,0
BRDA:78,6,3,0
BRDA:80,7,0,0
BRDA:80,7,1,0
BRDA:80,8,0,0
BRDA:80,8,1,0
BRDA:80,9,0,0
BRDA:80,9,1,0
BRDA:80,9,2,0
BRDA:80,10,0,0
BRDA:80,10,1,0
BRDA:80,11,0,0
BRDA:80,11,1,0
BRDA:80,12,0,0
BRDA:80,12,1,0
BRDA:80,13,0,0
BRDA:80,13,1,0
BRDA:81,14,0,0
BRDA:81,14,1,0
BRDA:81,15,0,0
BRDA:81,15,1,0
BRDA:81,15,2,0
BRDA:82,16,0,0
BRDA:82,16,1,0
BRDA:83,17,0,0
BRDA:83,17,1,0
BRDA:83,17,2,0
BRDA:166,18,0,0
BRDA:166,18,1,0
BRDA:173,19,0,0
BRDA:173,19,1,0
BRDA:181,20,0,0
BRDA:181,20,1,0
BRDA:185,21,0,0
BRDA:185,21,1,0
BRDA:186,22,0,0
BRDA:186,22,1,0
BRDA:189,23,0,0
BRDA:189,23,1,0
BRDA:189,24,0,0
BRDA:189,24,1,0
BRDA:191,25,0,0
BRDA:191,25,1,0
BRDA:191,26,0,0
BRDA:191,26,1,0
BRDA:191,27,0,0
BRDA:191,27,1,0
BRDA:191,27,2,0
BRDA:191,27,3,0
BRDA:198,28,0,0
BRDA:198,28,1,0
BRDA:200,29,0,0
BRDA:200,29,1,0
BRDA:203,30,0,0
BRDA:203,30,1,0
BRDA:205,31,0,0
BRDA:205,31,1,0
BRDA:205,32,0,0
BRDA:205,32,1,0
BRDA:205,33,0,0
BRDA:205,33,1,0
BRDA:206,34,0,0
BRDA:206,34,1,0
BRDA:206,35,0,0
BRDA:206,35,1,0
BRDA:206,35,2,0
BRDA:207,36,0,0
BRDA:207,36,1,0
BRDA:213,37,0,0
BRDA:213,37,1,0
BRF:84
BRH:0
end_of_record
TN:
SF:src/views/PointView.vue
FN:7,(anonymous_0)
FN:12,(anonymous_1)
FN:28,(anonymous_2)
FN:37,(anonymous_3)
FN:55,_toConsumableArray
FN:56,_nonIterableSpread
FN:57,_unsupportedIterableToArray
FN:58,_iterableToArray
FN:59,_arrayWithoutHoles
FN:60,_arrayLikeToArray
FN:101,render
FN:110,(anonymous_11)
FN:115,(anonymous_12)
FN:139,(anonymous_13)
FNF:14
FNH:0
FNDA:0,(anonymous_0)
FNDA:0,(anonymous_1)
FNDA:0,(anonymous_2)
FNDA:0,(anonymous_3)
FNDA:0,_toConsumableArray
FNDA:0,_nonIterableSpread
FNDA:0,_unsupportedIterableToArray
FNDA:0,_iterableToArray
FNDA:0,_arrayWithoutHoles
FNDA:0,_arrayLikeToArray
FNDA:0,render
FNDA:0,(anonymous_11)
FNDA:0,(anonymous_12)
FNDA:0,(anonymous_13)
DA:8,0
DA:9,0
DA:10,0
DA:11,0
DA:12,0
DA:13,0
DA:14,0
DA:15,0
DA:16,0
DA:17,0
DA:19,0
DA:20,0
DA:22,0
DA:25,0
DA:28,0
DA:29,0
DA:30,0
DA:32,0
DA:34,0
DA:37,0
DA:38,0
DA:40,0
DA:48,0
DA:50,0
DA:53,0
DA:54,0
DA:55,0
DA:56,0
DA:57,0
DA:58,0
DA:59,0
DA:60,0
DA:61,0
DA:64,0
DA:67,0
DA:70,0
DA:73,0
DA:76,0
DA:80,0
DA:84,0
DA:88,0
DA:91,0
DA:95,0
DA:98,0
DA:103,0
DA:104,0
DA:111,0
DA:116,0
DA:140,0
DA:144,0
LF:50
LH:0
BRDA:19,0,0,0
BRDA:19,0,1,0
BRDA:22,1,0,0
BRDA:22,1,1,0
BRDA:55,2,0,0
BRDA:55,2,1,0
BRDA:55,2,2,0
BRDA:55,2,3,0
BRDA:57,3,0,0
BRDA:57,3,1,0
BRDA:57,4,0,0
BRDA:57,4,1,0
BRDA:57,5,0,0
BRDA:57,5,1,0
BRDA:57,5,2,0
BRDA:57,6,0,0
BRDA:57,6,1,0
BRDA:57,7,0,0
BRDA:57,7,1,0
BRDA:57,8,0,0
BRDA:57,8,1,0
BRDA:57,9,0,0
BRDA:57,9,1,0
BRDA:58,10,0,0
BRDA:58,10,1,0
BRDA:58,11,0,0
BRDA:58,11,1,0
BRDA:58,11,2,0
BRDA:59,12,0,0
BRDA:59,12,1,0
BRDA:60,13,0,0
BRDA:60,13,1,0
BRDA:60,13,2,0
BRDA:104,14,0,0
BRDA:104,14,1,0
BRDA:111,15,0,0
BRDA:111,15,1,0
BRDA:115,16,0,0
BRDA:115,16,1,0
BRDA:116,17,0,0
BRDA:116,17,1,0
BRDA:119,18,0,0
BRDA:119,18,1,0
BRDA:119,19,0,0
BRDA:119,19,1,0
BRDA:121,20,0,0
BRDA:121,20,1,0
BRDA:121,21,0,0
BRDA:121,21,1,0
BRDA:133,22,0,0
BRDA:133,22,1,0
BRDA:133,23,0,0
BRDA:133,23,1,0
BRDA:133,24,0,0
BRDA:133,24,1,0
BRDA:133,25,0,0
BRDA:133,25,1,0
BRDA:133,26,0,0
BRDA:133,26,1,0
BRDA:140,27,0,0
BRDA:140,27,1,0
BRDA:143,28,0,0
BRDA:143,28,1,0
BRF:63
BRH:0
end_of_record
