<?xml version="1.0" encoding="UTF-8"?>
<testsuite xmlns:xsi="http://www.w3.org/2001/XMLSchema-instance" xsi:noNamespaceSchemaLocation="https://maven.apache.org/surefire/maven-surefire-plugin/xsd/surefire-test-report.xsd" name="com.example.microservices.bff.client.PointServiceClientTest" time="0.104" tests="10" errors="10" skipped="0" failures="0">
  <properties>
[...]
</properties>
  <testcase name="givenServiceUnavailable_whenGettingPoints_thenShouldReturnServiceUnavailable" classname="com.example.microservices.bff.client.PointServiceClientTest" time="0.004">
    <error message="&#10;Mockito cannot mock this class: class javax.ws.rs.core.Response.&#10;&#10;Mockito can only mock non-private &amp; non-final classes, but the root cause of this error might be different.&#10;Please check the full stacktrace to understand what the issue is.&#10;If you&apos;re still not sure why you&apos;re getting this error, please open an issue on GitHub.&#10;&#10;&#10;Java               : 11&#10;JVM vendor name    : Microsoft&#10;JVM vendor version : 11.0.28+6-LTS&#10;JVM name           : OpenJDK 64-Bit Server VM&#10;JVM version        : 11.0.28+6-LTS&#10;JVM info           : mixed mode, sharing&#10;OS name            : Linux&#10;OS version         : 6.6.87.2-microsoft-standard-WSL2&#10;&#10;&#10;Underlying exception : java.lang.IllegalArgumentException: Could not create type" type="org.mockito.exceptions.base.MockitoException"><![CDATA[org.mockito.exceptions.base.MockitoException: 

Mockito cannot mock this class: class javax.ws.rs.core.Response.

Mockito can only mock non-private & non-final classes, but the root cause of this error might be different.
Please check the full stacktrace to understand what the issue is.
If you're still not sure why you're getting this error, please open an issue on GitHub.


Java               : 11
JVM vendor name    : Microsoft
JVM vendor version : 11.0.28+6-LTS
JVM name           : OpenJDK 64-Bit Server VM
JVM version        : 11.0.28+6-LTS
JVM info           : mixed mode, sharing
OS name            : Linux
OS version         : 6.6.87.2-microsoft-standard-WSL2


Underlying exception : java.lang.IllegalArgumentException: Could not create type
	at com.example.microservices.bff.client.PointServiceClientTest.setUp(PointServiceClientTest.java:36)
Caused by: java.lang.IllegalArgumentException: Could not create type
	at com.example.microservices.bff.client.PointServiceClientTest.setUp(PointServiceClientTest.java:36)
Caused by: java.lang.NoClassDefFoundError: javax/xml/bind/annotation/adapters/XmlAdapter
	at com.example.microservices.bff.client.PointServiceClientTest.setUp(PointServiceClientTest.java:36)
]]></error>
  </testcase>
  <testcase name="givenValidToken_whenGettingPoints_thenShouldReturnPointBalance" classname="com.example.microservices.bff.client.PointServiceClientTest" time="0.009">
    <error message="&#10;Mockito cannot mock this class: class javax.ws.rs.core.Response.&#10;&#10;Mockito can only mock non-private &amp; non-final classes, but the root cause of this error might be different.&#10;Please check the full stacktrace to understand what the issue is.&#10;If you&apos;re still not sure why you&apos;re getting this error, please open an issue on GitHub.&#10;&#10;&#10;Java               : 11&#10;JVM vendor name    : Microsoft&#10;JVM vendor version : 11.0.28+6-LTS&#10;JVM name           : OpenJDK 64-Bit Server VM&#10;JVM version        : 11.0.28+6-LTS&#10;JVM info           : mixed mode, sharing&#10;OS name            : Linux&#10;OS version         : 6.6.87.2-microsoft-standard-WSL2&#10;&#10;&#10;Underlying exception : java.lang.IllegalArgumentException: Could not create type" type="org.mockito.exceptions.base.MockitoException"><![CDATA[org.mockito.exceptions.base.MockitoException: 

Mockito cannot mock this class: class javax.ws.rs.core.Response.

Mockito can only mock non-private & non-final classes, but the root cause of this error might be different.
Please check the full stacktrace to understand what the issue is.
If you're still not sure why you're getting this error, please open an issue on GitHub.


Java               : 11
JVM vendor name    : Microsoft
JVM vendor version : 11.0.28+6-LTS
JVM name           : OpenJDK 64-Bit Server VM
JVM version        : 11.0.28+6-LTS
JVM info           : mixed mode, sharing
OS name            : Linux
OS version         : 6.6.87.2-microsoft-standard-WSL2


Underlying exception : java.lang.IllegalArgumentException: Could not create type
	at com.example.microservices.bff.client.PointServiceClientTest.setUp(PointServiceClientTest.java:36)
Caused by: java.lang.IllegalArgumentException: Could not create type
	at com.example.microservices.bff.client.PointServiceClientTest.setUp(PointServiceClientTest.java:36)
Caused by: java.lang.NoClassDefFoundError: javax/xml/bind/annotation/adapters/XmlAdapter
	at com.example.microservices.bff.client.PointServiceClientTest.setUp(PointServiceClientTest.java:36)
]]></error>
  </testcase>
  <testcase name="givenServiceUnavailable_whenGettingPointHistory_thenShouldReturnServiceUnavailable" classname="com.example.microservices.bff.client.PointServiceClientTest" time="0.009">
    <error message="&#10;Mockito cannot mock this class: class javax.ws.rs.core.Response.&#10;&#10;Mockito can only mock non-private &amp; non-final classes, but the root cause of this error might be different.&#10;Please check the full stacktrace to understand what the issue is.&#10;If you&apos;re still not sure why you&apos;re getting this error, please open an issue on GitHub.&#10;&#10;&#10;Java               : 11&#10;JVM vendor name    : Microsoft&#10;JVM vendor version : 11.0.28+6-LTS&#10;JVM name           : OpenJDK 64-Bit Server VM&#10;JVM version        : 11.0.28+6-LTS&#10;JVM info           : mixed mode, sharing&#10;OS name            : Linux&#10;OS version         : 6.6.87.2-microsoft-standard-WSL2&#10;&#10;&#10;Underlying exception : java.lang.IllegalArgumentException: Could not create type" type="org.mockito.exceptions.base.MockitoException"><![CDATA[org.mockito.exceptions.base.MockitoException: 

Mockito cannot mock this class: class javax.ws.rs.core.Response.

Mockito can only mock non-private & non-final classes, but the root cause of this error might be different.
Please check the full stacktrace to understand what the issue is.
If you're still not sure why you're getting this error, please open an issue on GitHub.


Java               : 11
JVM vendor name    : Microsoft
JVM vendor version : 11.0.28+6-LTS
JVM name           : OpenJDK 64-Bit Server VM
JVM version        : 11.0.28+6-LTS
JVM info           : mixed mode, sharing
OS name            : Linux
OS version         : 6.6.87.2-microsoft-standard-WSL2


Underlying exception : java.lang.IllegalArgumentException: Could not create type
	at com.example.microservices.bff.client.PointServiceClientTest.setUp(PointServiceClientTest.java:36)
Caused by: java.lang.IllegalArgumentException: Could not create type
	at com.example.microservices.bff.client.PointServiceClientTest.setUp(PointServiceClientTest.java:36)
Caused by: java.lang.NoClassDefFoundError: javax/xml/bind/annotation/adapters/XmlAdapter
	at com.example.microservices.bff.client.PointServiceClientTest.setUp(PointServiceClientTest.java:36)
]]></error>
  </testcase>
  <testcase name="givenZeroPage_whenGettingPointHistory_thenShouldStillMakeRequest" classname="com.example.microservices.bff.client.PointServiceClientTest" time="0.007">
    <error message="&#10;Mockito cannot mock this class: class javax.ws.rs.core.Response.&#10;&#10;Mockito can only mock non-private &amp; non-final classes, but the root cause of this error might be different.&#10;Please check the full stacktrace to understand what the issue is.&#10;If you&apos;re still not sure why you&apos;re getting this error, please open an issue on GitHub.&#10;&#10;&#10;Java               : 11&#10;JVM vendor name    : Microsoft&#10;JVM vendor version : 11.0.28+6-LTS&#10;JVM name           : OpenJDK 64-Bit Server VM&#10;JVM version        : 11.0.28+6-LTS&#10;JVM info           : mixed mode, sharing&#10;OS name            : Linux&#10;OS version         : 6.6.87.2-microsoft-standard-WSL2&#10;&#10;&#10;Underlying exception : java.lang.IllegalArgumentException: Could not create type" type="org.mockito.exceptions.base.MockitoException"><![CDATA[org.mockito.exceptions.base.MockitoException: 

Mockito cannot mock this class: class javax.ws.rs.core.Response.

Mockito can only mock non-private & non-final classes, but the root cause of this error might be different.
Please check the full stacktrace to understand what the issue is.
If you're still not sure why you're getting this error, please open an issue on GitHub.


Java               : 11
JVM vendor name    : Microsoft
JVM vendor version : 11.0.28+6-LTS
JVM name           : OpenJDK 64-Bit Server VM
JVM version        : 11.0.28+6-LTS
JVM info           : mixed mode, sharing
OS name            : Linux
OS version         : 6.6.87.2-microsoft-standard-WSL2


Underlying exception : java.lang.IllegalArgumentException: Could not create type
	at com.example.microservices.bff.client.PointServiceClientTest.setUp(PointServiceClientTest.java:36)
Caused by: java.lang.IllegalArgumentException: Could not create type
	at com.example.microservices.bff.client.PointServiceClientTest.setUp(PointServiceClientTest.java:36)
Caused by: java.lang.NoClassDefFoundError: javax/xml/bind/annotation/adapters/XmlAdapter
	at com.example.microservices.bff.client.PointServiceClientTest.setUp(PointServiceClientTest.java:36)
]]></error>
  </testcase>
  <testcase name="givenExpiredToken_whenGettingPoints_thenShouldReturnUnauthorized" classname="com.example.microservices.bff.client.PointServiceClientTest" time="0.014">
    <error message="&#10;Mockito cannot mock this class: class javax.ws.rs.core.Response.&#10;&#10;Mockito can only mock non-private &amp; non-final classes, but the root cause of this error might be different.&#10;Please check the full stacktrace to understand what the issue is.&#10;If you&apos;re still not sure why you&apos;re getting this error, please open an issue on GitHub.&#10;&#10;&#10;Java               : 11&#10;JVM vendor name    : Microsoft&#10;JVM vendor version : 11.0.28+6-LTS&#10;JVM name           : OpenJDK 64-Bit Server VM&#10;JVM version        : 11.0.28+6-LTS&#10;JVM info           : mixed mode, sharing&#10;OS name            : Linux&#10;OS version         : 6.6.87.2-microsoft-standard-WSL2&#10;&#10;&#10;Underlying exception : java.lang.IllegalArgumentException: Could not create type" type="org.mockito.exceptions.base.MockitoException"><![CDATA[org.mockito.exceptions.base.MockitoException: 

Mockito cannot mock this class: class javax.ws.rs.core.Response.

Mockito can only mock non-private & non-final classes, but the root cause of this error might be different.
Please check the full stacktrace to understand what the issue is.
If you're still not sure why you're getting this error, please open an issue on GitHub.


Java               : 11
JVM vendor name    : Microsoft
JVM vendor version : 11.0.28+6-LTS
JVM name           : OpenJDK 64-Bit Server VM
JVM version        : 11.0.28+6-LTS
JVM info           : mixed mode, sharing
OS name            : Linux
OS version         : 6.6.87.2-microsoft-standard-WSL2


Underlying exception : java.lang.IllegalArgumentException: Could not create type
	at com.example.microservices.bff.client.PointServiceClientTest.setUp(PointServiceClientTest.java:36)
Caused by: java.lang.IllegalArgumentException: Could not create type
	at com.example.microservices.bff.client.PointServiceClientTest.setUp(PointServiceClientTest.java:36)
Caused by: java.lang.NoClassDefFoundError: javax/xml/bind/annotation/adapters/XmlAdapter
	at com.example.microservices.bff.client.PointServiceClientTest.setUp(PointServiceClientTest.java:36)
]]></error>
  </testcase>
  <testcase name="givenPage2AndLimit20_whenGettingPointHistory_thenShouldUseCorrectParameters" classname="com.example.microservices.bff.client.PointServiceClientTest" time="0.012">
    <error message="&#10;Mockito cannot mock this class: class javax.ws.rs.core.Response.&#10;&#10;Mockito can only mock non-private &amp; non-final classes, but the root cause of this error might be different.&#10;Please check the full stacktrace to understand what the issue is.&#10;If you&apos;re still not sure why you&apos;re getting this error, please open an issue on GitHub.&#10;&#10;&#10;Java               : 11&#10;JVM vendor name    : Microsoft&#10;JVM vendor version : 11.0.28+6-LTS&#10;JVM name           : OpenJDK 64-Bit Server VM&#10;JVM version        : 11.0.28+6-LTS&#10;JVM info           : mixed mode, sharing&#10;OS name            : Linux&#10;OS version         : 6.6.87.2-microsoft-standard-WSL2&#10;&#10;&#10;Underlying exception : java.lang.IllegalArgumentException: Could not create type" type="org.mockito.exceptions.base.MockitoException"><![CDATA[org.mockito.exceptions.base.MockitoException: 

Mockito cannot mock this class: class javax.ws.rs.core.Response.

Mockito can only mock non-private & non-final classes, but the root cause of this error might be different.
Please check the full stacktrace to understand what the issue is.
If you're still not sure why you're getting this error, please open an issue on GitHub.


Java               : 11
JVM vendor name    : Microsoft
JVM vendor version : 11.0.28+6-LTS
JVM name           : OpenJDK 64-Bit Server VM
JVM version        : 11.0.28+6-LTS
JVM info           : mixed mode, sharing
OS name            : Linux
OS version         : 6.6.87.2-microsoft-standard-WSL2


Underlying exception : java.lang.IllegalArgumentException: Could not create type
	at com.example.microservices.bff.client.PointServiceClientTest.setUp(PointServiceClientTest.java:36)
Caused by: java.lang.IllegalArgumentException: Could not create type
	at com.example.microservices.bff.client.PointServiceClientTest.setUp(PointServiceClientTest.java:36)
Caused by: java.lang.NoClassDefFoundError: javax/xml/bind/annotation/adapters/XmlAdapter
	at com.example.microservices.bff.client.PointServiceClientTest.setUp(PointServiceClientTest.java:36)
]]></error>
  </testcase>
  <testcase name="givenInvalidToken_whenGettingPoints_thenShouldReturnUnauthorized" classname="com.example.microservices.bff.client.PointServiceClientTest" time="0.008">
    <error message="&#10;Mockito cannot mock this class: class javax.ws.rs.core.Response.&#10;&#10;Mockito can only mock non-private &amp; non-final classes, but the root cause of this error might be different.&#10;Please check the full stacktrace to understand what the issue is.&#10;If you&apos;re still not sure why you&apos;re getting this error, please open an issue on GitHub.&#10;&#10;&#10;Java               : 11&#10;JVM vendor name    : Microsoft&#10;JVM vendor version : 11.0.28+6-LTS&#10;JVM name           : OpenJDK 64-Bit Server VM&#10;JVM version        : 11.0.28+6-LTS&#10;JVM info           : mixed mode, sharing&#10;OS name            : Linux&#10;OS version         : 6.6.87.2-microsoft-standard-WSL2&#10;&#10;&#10;Underlying exception : java.lang.IllegalArgumentException: Could not create type" type="org.mockito.exceptions.base.MockitoException"><![CDATA[org.mockito.exceptions.base.MockitoException: 

Mockito cannot mock this class: class javax.ws.rs.core.Response.

Mockito can only mock non-private & non-final classes, but the root cause of this error might be different.
Please check the full stacktrace to understand what the issue is.
If you're still not sure why you're getting this error, please open an issue on GitHub.


Java               : 11
JVM vendor name    : Microsoft
JVM vendor version : 11.0.28+6-LTS
JVM name           : OpenJDK 64-Bit Server VM
JVM version        : 11.0.28+6-LTS
JVM info           : mixed mode, sharing
OS name            : Linux
OS version         : 6.6.87.2-microsoft-standard-WSL2


Underlying exception : java.lang.IllegalArgumentException: Could not create type
	at com.example.microservices.bff.client.PointServiceClientTest.setUp(PointServiceClientTest.java:36)
Caused by: java.lang.IllegalArgumentException: Could not create type
	at com.example.microservices.bff.client.PointServiceClientTest.setUp(PointServiceClientTest.java:36)
Caused by: java.lang.NoClassDefFoundError: javax/xml/bind/annotation/adapters/XmlAdapter
	at com.example.microservices.bff.client.PointServiceClientTest.setUp(PointServiceClientTest.java:36)
]]></error>
  </testcase>
  <testcase name="givenInvalidToken_whenGettingPointHistory_thenShouldReturnUnauthorized" classname="com.example.microservices.bff.client.PointServiceClientTest" time="0.009">
    <error message="&#10;Mockito cannot mock this class: class javax.ws.rs.core.Response.&#10;&#10;Mockito can only mock non-private &amp; non-final classes, but the root cause of this error might be different.&#10;Please check the full stacktrace to understand what the issue is.&#10;If you&apos;re still not sure why you&apos;re getting this error, please open an issue on GitHub.&#10;&#10;&#10;Java               : 11&#10;JVM vendor name    : Microsoft&#10;JVM vendor version : 11.0.28+6-LTS&#10;JVM name           : OpenJDK 64-Bit Server VM&#10;JVM version        : 11.0.28+6-LTS&#10;JVM info           : mixed mode, sharing&#10;OS name            : Linux&#10;OS version         : 6.6.87.2-microsoft-standard-WSL2&#10;&#10;&#10;Underlying exception : java.lang.IllegalArgumentException: Could not create type" type="org.mockito.exceptions.base.MockitoException"><![CDATA[org.mockito.exceptions.base.MockitoException: 

Mockito cannot mock this class: class javax.ws.rs.core.Response.

Mockito can only mock non-private & non-final classes, but the root cause of this error might be different.
Please check the full stacktrace to understand what the issue is.
If you're still not sure why you're getting this error, please open an issue on GitHub.


Java               : 11
JVM vendor name    : Microsoft
JVM vendor version : 11.0.28+6-LTS
JVM name           : OpenJDK 64-Bit Server VM
JVM version        : 11.0.28+6-LTS
JVM info           : mixed mode, sharing
OS name            : Linux
OS version         : 6.6.87.2-microsoft-standard-WSL2


Underlying exception : java.lang.IllegalArgumentException: Could not create type
	at com.example.microservices.bff.client.PointServiceClientTest.setUp(PointServiceClientTest.java:36)
Caused by: java.lang.IllegalArgumentException: Could not create type
	at com.example.microservices.bff.client.PointServiceClientTest.setUp(PointServiceClientTest.java:36)
Caused by: java.lang.NoClassDefFoundError: javax/xml/bind/annotation/adapters/XmlAdapter
	at com.example.microservices.bff.client.PointServiceClientTest.setUp(PointServiceClientTest.java:36)
]]></error>
  </testcase>
  <testcase name="givenValidParameters_whenGettingPointHistory_thenShouldReturnHistoryList" classname="com.example.microservices.bff.client.PointServiceClientTest" time="0.01">
    <error message="&#10;Mockito cannot mock this class: class javax.ws.rs.core.Response.&#10;&#10;Mockito can only mock non-private &amp; non-final classes, but the root cause of this error might be different.&#10;Please check the full stacktrace to understand what the issue is.&#10;If you&apos;re still not sure why you&apos;re getting this error, please open an issue on GitHub.&#10;&#10;&#10;Java               : 11&#10;JVM vendor name    : Microsoft&#10;JVM vendor version : 11.0.28+6-LTS&#10;JVM name           : OpenJDK 64-Bit Server VM&#10;JVM version        : 11.0.28+6-LTS&#10;JVM info           : mixed mode, sharing&#10;OS name            : Linux&#10;OS version         : 6.6.87.2-microsoft-standard-WSL2&#10;&#10;&#10;Underlying exception : java.lang.IllegalArgumentException: Could not create type" type="org.mockito.exceptions.base.MockitoException"><![CDATA[org.mockito.exceptions.base.MockitoException: 

Mockito cannot mock this class: class javax.ws.rs.core.Response.

Mockito can only mock non-private & non-final classes, but the root cause of this error might be different.
Please check the full stacktrace to understand what the issue is.
If you're still not sure why you're getting this error, please open an issue on GitHub.


Java               : 11
JVM vendor name    : Microsoft
JVM vendor version : 11.0.28+6-LTS
JVM name           : OpenJDK 64-Bit Server VM
JVM version        : 11.0.28+6-LTS
JVM info           : mixed mode, sharing
OS name            : Linux
OS version         : 6.6.87.2-microsoft-standard-WSL2


Underlying exception : java.lang.IllegalArgumentException: Could not create type
	at com.example.microservices.bff.client.PointServiceClientTest.setUp(PointServiceClientTest.java:36)
Caused by: java.lang.IllegalArgumentException: Could not create type
	at com.example.microservices.bff.client.PointServiceClientTest.setUp(PointServiceClientTest.java:36)
Caused by: java.lang.NoClassDefFoundError: javax/xml/bind/annotation/adapters/XmlAdapter
	at com.example.microservices.bff.client.PointServiceClientTest.setUp(PointServiceClientTest.java:36)
]]></error>
  </testcase>
  <testcase name="givenNegativeLimit_whenGettingPointHistory_thenShouldStillMakeRequest" classname="com.example.microservices.bff.client.PointServiceClientTest" time="0.012">
    <error message="&#10;Mockito cannot mock this class: class javax.ws.rs.core.Response.&#10;&#10;Mockito can only mock non-private &amp; non-final classes, but the root cause of this error might be different.&#10;Please check the full stacktrace to understand what the issue is.&#10;If you&apos;re still not sure why you&apos;re getting this error, please open an issue on GitHub.&#10;&#10;&#10;Java               : 11&#10;JVM vendor name    : Microsoft&#10;JVM vendor version : 11.0.28+6-LTS&#10;JVM name           : OpenJDK 64-Bit Server VM&#10;JVM version        : 11.0.28+6-LTS&#10;JVM info           : mixed mode, sharing&#10;OS name            : Linux&#10;OS version         : 6.6.87.2-microsoft-standard-WSL2&#10;&#10;&#10;Underlying exception : java.lang.IllegalArgumentException: Could not create type" type="org.mockito.exceptions.base.MockitoException"><![CDATA[org.mockito.exceptions.base.MockitoException: 

Mockito cannot mock this class: class javax.ws.rs.core.Response.

Mockito can only mock non-private & non-final classes, but the root cause of this error might be different.
Please check the full stacktrace to understand what the issue is.
If you're still not sure why you're getting this error, please open an issue on GitHub.


Java               : 11
JVM vendor name    : Microsoft
JVM vendor version : 11.0.28+6-LTS
JVM name           : OpenJDK 64-Bit Server VM
JVM version        : 11.0.28+6-LTS
JVM info           : mixed mode, sharing
OS name            : Linux
OS version         : 6.6.87.2-microsoft-standard-WSL2


Underlying exception : java.lang.IllegalArgumentException: Could not create type
	at com.example.microservices.bff.client.PointServiceClientTest.setUp(PointServiceClientTest.java:36)
Caused by: java.lang.IllegalArgumentException: Could not create type
	at com.example.microservices.bff.client.PointServiceClientTest.setUp(PointServiceClientTest.java:36)
Caused by: java.lang.NoClassDefFoundError: javax/xml/bind/annotation/adapters/XmlAdapter
	at com.example.microservices.bff.client.PointServiceClientTest.setUp(PointServiceClientTest.java:36)
]]></error>
  </testcase>
</testsuite>